0 verbose cli C:\Program Files\nodejs\node.exe C:\Users\bagus ardiansyah\AppData\Roaming\npm\node_modules\npm\bin\npm-cli.js
1 info using npm@11.4.2
2 info using node@v22.17.0
3 silly config load:file:C:\Users\bagus ardiansyah\AppData\Roaming\npm\node_modules\npm\npmrc
4 silly config load:file:C:\Belajar\react-laravel\.npmrc
5 silly config load:file:C:\Users\bagus ardiansyah\.npmrc
6 silly config load:file:C:\Users\bagus ardiansyah\AppData\Roaming\npm\etc\npmrc
7 verbose title npm exec shadcn@latest add dashboard-01
8 verbose argv "exec" "--" "shadcn@latest" "add" "dashboard-01"
9 verbose logfile logs-max:10 dir:C:\Belajar\react-laravel\npm-cache\_logs\2025-07-15T13_56_12_824Z-
10 verbose logfile C:\Belajar\react-laravel\npm-cache\_logs\2025-07-15T13_56_12_824Z-debug-0.log
11 silly logfile done cleaning log files
12 silly packumentCache heap:2197815296 maxSize:549453824 maxEntrySize:274726912
13 http fetch GET 200 https://registry.npmjs.org/shadcn 292ms (cache revalidated)
14 silly packumentCache heap:2197815296 maxSize:549453824 maxEntrySize:274726912
15 silly packumentCache heap:2197815296 maxSize:549453824 maxEntrySize:274726912
16 verbose cwd C:\Belajar\react-laravel
17 verbose os Windows_NT 10.0.26100
18 verbose node v22.17.0
19 verbose npm  v11.4.2
20 verbose exit 0
21 info ok
