0 verbose cli C:\Program Files\nodejs\node.exe C:\Users\bagus ardiansyah\AppData\Roaming\npm\node_modules\npm\bin\npm-cli.js
1 info using npm@11.4.2
2 info using node@v22.17.0
3 silly config load:file:C:\Users\bagus ardiansyah\AppData\Roaming\npm\node_modules\npm\npmrc
4 silly config load:file:C:\Belajar\react-laravel\.npmrc
5 silly config load:file:C:\Users\bagus ardiansyah\.npmrc
6 silly config load:file:C:\Users\bagus ardiansyah\AppData\Roaming\npm\etc\npmrc
7 verbose title npm exec shadcn@latest add login-02
8 verbose argv "exec" "--" "shadcn@latest" "add" "login-02"
9 verbose logfile logs-max:10 dir:C:\Belajar\react-laravel\npm-cache\_logs\2025-07-15T11_58_24_563Z-
10 verbose logfile C:\Belajar\react-laravel\npm-cache\_logs\2025-07-15T11_58_24_563Z-debug-0.log
11 silly logfile done cleaning log files
12 silly packumentCache heap:2197815296 maxSize:549453824 maxEntrySize:274726912
13 verbose shrinkwrap failed to load node_modules/.package-lock.json out of date, updated: node_modules
14 http fetch GET 200 https://registry.npmjs.org/shadcn 220ms (cache revalidated)
15 silly packumentCache heap:2197815296 maxSize:549453824 maxEntrySize:274726912
16 silly packumentCache heap:2197815296 maxSize:549453824 maxEntrySize:274726912
17 verbose cwd C:\Belajar\react-laravel
18 verbose os Windows_NT 10.0.26100
19 verbose node v22.17.0
20 verbose npm  v11.4.2
21 verbose exit 0
22 info ok
