0 verbose cli C:\Program Files\nodejs\node.exe C:\Users\bagus ardiansyah\AppData\Roaming\npm\node_modules\npm\bin\npm-cli.js
1 info using npm@11.4.2
2 info using node@v22.17.0
3 silly config load:file:C:\Users\bagus ardiansyah\AppData\Roaming\npm\node_modules\npm\npmrc
4 silly config load:file:C:\Belajar\react-laravel\.npmrc
5 silly config load:file:C:\Users\bagus ardiansyah\.npmrc
6 silly config load:file:C:\Users\bagus ardiansyah\AppData\Roaming\npm\etc\npmrc
7 verbose title npm install @radix-ui/react-slot @radix-ui/react-label
8 verbose argv "install" "@radix-ui/react-slot" "@radix-ui/react-label"
9 verbose logfile logs-max:10 dir:C:\Belajar\react-laravel\npm-cache\_logs\2025-07-15T11_58_28_291Z-
10 verbose logfile C:\Belajar\react-laravel\npm-cache\_logs\2025-07-15T11_58_28_291Z-debug-0.log
11 silly logfile done cleaning log files
12 silly packumentCache heap:2197815296 maxSize:549453824 maxEntrySize:274726912
13 silly idealTree buildDeps
14 silly fetch manifest @radix-ui/react-label@^2.1.2
15 silly packumentCache full:https://registry.npmjs.org/@radix-ui%2freact-label cache-miss
16 verbose shrinkwrap failed to load node_modules/.package-lock.json out of date, updated: node_modules
17 http fetch GET 200 https://registry.npmjs.org/@radix-ui%2freact-label 283ms (cache miss)
18 silly packumentCache full:https://registry.npmjs.org/@radix-ui%2freact-label set size:undefined disposed:false
19 silly fetch manifest @types/react@^19.0.3
20 silly packumentCache full:https://registry.npmjs.org/@types%2freact cache-miss
21 http fetch GET 200 https://registry.npmjs.org/@types%2freact 174ms (cache miss)
22 silly packumentCache full:https://registry.npmjs.org/@types%2freact set size:undefined disposed:false
23 silly fetch manifest @types/react-dom@^19.0.2
24 silly packumentCache full:https://registry.npmjs.org/@types%2freact-dom cache-miss
25 http fetch GET 200 https://registry.npmjs.org/@types%2freact-dom 79ms (cache miss)
26 silly packumentCache full:https://registry.npmjs.org/@types%2freact-dom set size:undefined disposed:false
27 silly fetch manifest react@^19.0.0
28 silly packumentCache full:https://registry.npmjs.org/react cache-miss
29 http fetch GET 200 https://registry.npmjs.org/react 303ms (cache miss)
30 silly packumentCache full:https://registry.npmjs.org/react set size:undefined disposed:false
31 silly fetch manifest react-dom@^19.0.0
32 silly packumentCache full:https://registry.npmjs.org/react-dom cache-miss
33 http fetch GET 200 https://registry.npmjs.org/react-dom 324ms (cache miss)
34 silly packumentCache full:https://registry.npmjs.org/react-dom set size:undefined disposed:false
35 silly fetch manifest @radix-ui/react-slot@^1.1.2
36 silly packumentCache full:https://registry.npmjs.org/@radix-ui%2freact-slot cache-miss
37 http fetch GET 200 https://registry.npmjs.org/@radix-ui%2freact-slot 711ms (cache miss)
38 silly packumentCache full:https://registry.npmjs.org/@radix-ui%2freact-slot set size:undefined disposed:false
39 silly placeDep ROOT @radix-ui/react-label@2.1.7 REPLACE for:  want: ^2.1.2
40 silly placeDep ROOT @radix-ui/react-slot@1.2.3 REPLACE for:  want: ^1.1.2
41 silly fetch manifest @radix-ui/react-primitive@2.1.3
42 silly packumentCache full:https://registry.npmjs.org/@radix-ui%2freact-primitive cache-miss
43 silly fetch manifest @radix-ui/react-compose-refs@1.1.2
44 silly packumentCache full:https://registry.npmjs.org/@radix-ui%2freact-compose-refs cache-miss
45 http fetch GET 200 https://registry.npmjs.org/@radix-ui%2freact-primitive 115ms (cache miss)
46 silly packumentCache full:https://registry.npmjs.org/@radix-ui%2freact-primitive set size:undefined disposed:false
47 http fetch GET 200 https://registry.npmjs.org/@radix-ui%2freact-compose-refs 185ms (cache miss)
48 silly packumentCache full:https://registry.npmjs.org/@radix-ui%2freact-compose-refs set size:undefined disposed:false
49 silly fetch manifest @radix-ui/react-slot@1.1.2
50 silly packumentCache full:https://registry.npmjs.org/@radix-ui%2freact-slot cache-miss
51 http cache https://registry.npmjs.org/@radix-ui%2freact-slot 8ms (cache hit)
52 silly packumentCache full:https://registry.npmjs.org/@radix-ui%2freact-slot set size:351089 disposed:false
53 silly fetch manifest @types/react@*
54 silly packumentCache full:https://registry.npmjs.org/@types%2freact cache-miss
55 http cache https://registry.npmjs.org/@types%2freact 6ms (cache hit)
56 silly packumentCache full:https://registry.npmjs.org/@types%2freact set size:2412792 disposed:false
57 silly fetch manifest react@^16.8 || ^17.0 || ^18.0 || ^19.0 || ^19.0.0-rc
58 silly packumentCache full:https://registry.npmjs.org/react cache-miss
59 http cache https://registry.npmjs.org/react 14ms (cache hit)
60 silly packumentCache full:https://registry.npmjs.org/react set size:5857614 disposed:false
61 silly placeDep node_modules/@radix-ui/react-collection @radix-ui/react-slot@1.1.2 OK for: @radix-ui/react-collection@1.1.2 want: 1.1.2
62 silly placeDep node_modules/@radix-ui/react-dialog @radix-ui/react-slot@1.1.2 OK for: @radix-ui/react-dialog@1.1.6 want: 1.1.2
63 silly fetch manifest @types/react-dom@*
64 silly packumentCache full:https://registry.npmjs.org/@types%2freact-dom cache-miss
65 http cache https://registry.npmjs.org/@types%2freact-dom 6ms (cache hit)
66 silly packumentCache full:https://registry.npmjs.org/@types%2freact-dom set size:403694 disposed:false
67 silly fetch manifest react-dom@^16.8 || ^17.0 || ^18.0 || ^19.0 || ^19.0.0-rc
68 silly packumentCache full:https://registry.npmjs.org/react-dom cache-miss
69 http cache https://registry.npmjs.org/react-dom 19ms (cache hit)
70 silly packumentCache full:https://registry.npmjs.org/react-dom set size:7509448 disposed:false
71 silly placeDep node_modules/@radix-ui/react-label @radix-ui/react-primitive@2.1.3 OK for: @radix-ui/react-label@2.1.7 want: 2.1.3
72 silly placeDep node_modules/@radix-ui/react-menu @radix-ui/react-slot@1.1.2 OK for: @radix-ui/react-menu@2.1.6 want: 1.1.2
73 silly placeDep node_modules/@radix-ui/react-primitive @radix-ui/react-slot@1.1.2 OK for: @radix-ui/react-primitive@2.0.2 want: 1.1.2
74 silly placeDep node_modules/@radix-ui/react-select @radix-ui/react-slot@1.1.2 OK for: @radix-ui/react-select@2.1.6 want: 1.1.2
75 silly placeDep node_modules/@radix-ui/react-slot @radix-ui/react-compose-refs@1.1.2 OK for: @radix-ui/react-slot@1.2.3 want: 1.1.2
76 silly placeDep node_modules/@radix-ui/react-tooltip @radix-ui/react-slot@1.1.2 OK for: @radix-ui/react-tooltip@1.1.8 want: 1.1.2
77 silly reify mark retired [ 'C:\\Belajar\\react-laravel\\node_modules\\@radix-ui\\react-label' ]
78 silly reify mark retired [ 'C:\\Belajar\\react-laravel\\node_modules\\@radix-ui\\react-slot' ]
79 silly reify moves {
79 silly reify   'C:\\Belajar\\react-laravel\\node_modules\\@radix-ui\\react-label': 'C:\\Belajar\\react-laravel\\node_modules\\@radix-ui\\.react-label-ThL1pamB',
79 silly reify   'C:\\Belajar\\react-laravel\\node_modules\\@radix-ui\\react-slot': 'C:\\Belajar\\react-laravel\\node_modules\\@radix-ui\\.react-slot-AvpChjlo'
79 silly reify }
80 silly audit bulk request {
80 silly audit   '@ampproject/remapping': [ '2.3.0' ],
80 silly audit   '@babel/code-frame': [ '7.26.2' ],
80 silly audit   '@babel/compat-data': [ '7.26.8' ],
80 silly audit   '@babel/core': [ '7.26.9' ],
80 silly audit   '@babel/generator': [ '7.26.9' ],
80 silly audit   '@babel/helper-compilation-targets': [ '7.26.5' ],
80 silly audit   '@babel/helper-module-imports': [ '7.25.9' ],
80 silly audit   '@babel/helper-module-transforms': [ '7.26.0' ],
80 silly audit   '@babel/helper-plugin-utils': [ '7.26.5' ],
80 silly audit   '@babel/helper-string-parser': [ '7.25.9' ],
80 silly audit   '@babel/helper-validator-identifier': [ '7.25.9' ],
80 silly audit   '@babel/helper-validator-option': [ '7.25.9' ],
80 silly audit   '@babel/helpers': [ '7.26.9' ],
80 silly audit   '@babel/parser': [ '7.26.9' ],
80 silly audit   '@babel/plugin-transform-react-jsx-self': [ '7.25.9' ],
80 silly audit   '@babel/plugin-transform-react-jsx-source': [ '7.25.9' ],
80 silly audit   '@babel/template': [ '7.26.9' ],
80 silly audit   '@babel/traverse': [ '7.26.9' ],
80 silly audit   globals: [ '11.12.0', '14.0.0', '15.15.0' ],
80 silly audit   '@babel/types': [ '7.26.9' ],
80 silly audit   '@esbuild/aix-ppc64': [ '0.25.0' ],
80 silly audit   '@esbuild/android-arm': [ '0.25.0' ],
80 silly audit   '@esbuild/android-arm64': [ '0.25.0' ],
80 silly audit   '@esbuild/android-x64': [ '0.25.0' ],
80 silly audit   '@esbuild/darwin-arm64': [ '0.25.0' ],
80 silly audit   '@esbuild/darwin-x64': [ '0.25.0' ],
80 silly audit   '@esbuild/freebsd-arm64': [ '0.25.0' ],
80 silly audit   '@esbuild/freebsd-x64': [ '0.25.0' ],
80 silly audit   '@esbuild/linux-arm': [ '0.25.0' ],
80 silly audit   '@esbuild/linux-arm64': [ '0.25.0' ],
80 silly audit   '@esbuild/linux-ia32': [ '0.25.0' ],
80 silly audit   '@esbuild/linux-loong64': [ '0.25.0' ],
80 silly audit   '@esbuild/linux-mips64el': [ '0.25.0' ],
80 silly audit   '@esbuild/linux-ppc64': [ '0.25.0' ],
80 silly audit   '@esbuild/linux-riscv64': [ '0.25.0' ],
80 silly audit   '@esbuild/linux-s390x': [ '0.25.0' ],
80 silly audit   '@esbuild/linux-x64': [ '0.25.0' ],
80 silly audit   '@esbuild/netbsd-arm64': [ '0.25.0' ],
80 silly audit   '@esbuild/netbsd-x64': [ '0.25.0' ],
80 silly audit   '@esbuild/openbsd-arm64': [ '0.25.0' ],
80 silly audit   '@esbuild/openbsd-x64': [ '0.25.0' ],
80 silly audit   '@esbuild/sunos-x64': [ '0.25.0' ],
80 silly audit   '@esbuild/win32-arm64': [ '0.25.0' ],
80 silly audit   '@esbuild/win32-ia32': [ '0.25.0' ],
80 silly audit   '@esbuild/win32-x64': [ '0.25.0' ],
80 silly audit   '@eslint-community/eslint-utils': [ '4.4.1' ],
80 silly audit   'eslint-visitor-keys': [ '3.4.3', '4.2.0' ],
80 silly audit   '@eslint-community/regexpp': [ '4.12.1' ],
80 silly audit   '@eslint/config-array': [ '0.19.2' ],
80 silly audit   '@eslint/core': [ '0.12.0' ],
80 silly audit   '@eslint/eslintrc': [ '3.3.0' ],
80 silly audit   '@eslint/js': [ '9.21.0' ],
80 silly audit   '@eslint/object-schema': [ '2.1.6' ],
80 silly audit   '@eslint/plugin-kit': [ '0.2.7' ],
80 silly audit   '@floating-ui/core': [ '1.6.9' ],
80 silly audit   '@floating-ui/dom': [ '1.6.13' ],
80 silly audit   '@floating-ui/react': [ '0.26.28' ],
80 silly audit   '@floating-ui/react-dom': [ '2.1.2' ],
80 silly audit   '@floating-ui/utils': [ '0.2.9' ],
80 silly audit   '@headlessui/react': [ '2.2.0' ],
80 silly audit   '@humanfs/core': [ '0.19.1' ],
80 silly audit   '@humanfs/node': [ '0.16.6' ],
80 silly audit   '@humanwhocodes/retry': [ '0.3.1', '0.4.2' ],
80 silly audit   '@humanwhocodes/module-importer': [ '1.0.1' ],
80 silly audit   '@inertiajs/core': [ '2.0.4' ],
80 silly audit   '@inertiajs/react': [ '2.0.4' ],
80 silly audit   '@jridgewell/gen-mapping': [ '0.3.8' ],
80 silly audit   '@jridgewell/resolve-uri': [ '3.1.2' ],
80 silly audit   '@jridgewell/set-array': [ '1.2.1' ],
80 silly audit   '@jridgewell/sourcemap-codec': [ '1.5.0' ],
80 silly audit   '@jridgewell/trace-mapping': [ '0.3.25' ],
80 silly audit   '@nodelib/fs.scandir': [ '2.1.5' ],
80 silly audit   '@nodelib/fs.stat': [ '2.0.5' ],
80 silly audit   '@nodelib/fs.walk': [ '1.2.8' ],
80 silly audit   '@radix-ui/number': [ '1.1.0' ],
80 silly audit   '@radix-ui/primitive': [ '1.1.1' ],
80 silly audit   '@radix-ui/react-arrow': [ '1.1.2' ],
80 silly audit   '@radix-ui/react-avatar': [ '1.1.3' ],
80 silly audit   '@radix-ui/react-checkbox': [ '1.1.4' ],
80 silly audit   '@radix-ui/react-collapsible': [ '1.1.3' ],
80 silly audit   '@radix-ui/react-collection': [ '1.1.2' ],
80 silly audit   '@radix-ui/react-compose-refs': [ '1.1.1', '1.1.2' ],
80 silly audit   '@radix-ui/react-context': [ '1.1.1' ],
80 silly audit   '@radix-ui/react-dialog': [ '1.1.6' ],
80 silly audit   '@radix-ui/react-direction': [ '1.1.0' ],
80 silly audit   '@radix-ui/react-dismissable-layer': [ '1.1.5' ],
80 silly audit   '@radix-ui/react-dropdown-menu': [ '2.1.6' ],
80 silly audit   '@radix-ui/react-focus-guards': [ '1.1.1' ],
80 silly audit   '@radix-ui/react-focus-scope': [ '1.1.2' ],
80 silly audit   '@radix-ui/react-id': [ '1.1.0' ],
80 silly audit   '@radix-ui/react-menu': [ '2.1.6' ],
80 silly audit   '@radix-ui/react-navigation-menu': [ '1.2.5' ],
80 silly audit   '@radix-ui/react-popper': [ '1.2.2' ],
80 silly audit   '@radix-ui/react-portal': [ '1.1.4' ],
80 silly audit   '@radix-ui/react-presence': [ '1.1.2' ],
80 silly audit   '@radix-ui/react-primitive': [ '2.0.2', '2.1.3' ],
80 silly audit   '@radix-ui/react-roving-focus': [ '1.1.2' ],
80 silly audit   '@radix-ui/react-select': [ '2.1.6' ],
80 silly audit   '@radix-ui/react-separator': [ '1.1.2' ],
80 silly audit   '@radix-ui/react-toggle': [ '1.1.2' ],
80 silly audit   '@radix-ui/react-toggle-group': [ '1.1.2' ],
80 silly audit   '@radix-ui/react-tooltip': [ '1.1.8' ],
80 silly audit   '@radix-ui/react-use-callback-ref': [ '1.1.0' ],
80 silly audit   '@radix-ui/react-use-controllable-state': [ '1.1.0' ],
80 silly audit   '@radix-ui/react-use-escape-keydown': [ '1.1.0' ],
80 silly audit   '@radix-ui/react-use-layout-effect': [ '1.1.0' ],
80 silly audit   '@radix-ui/react-use-previous': [ '1.1.0' ],
80 silly audit   '@radix-ui/react-use-rect': [ '1.1.0' ],
80 silly audit   '@radix-ui/react-use-size': [ '1.1.0' ],
80 silly audit   '@radix-ui/react-visually-hidden': [ '1.1.2' ],
80 silly audit   '@radix-ui/rect': [ '1.1.0' ],
80 silly audit   '@react-aria/focus': [ '3.19.1' ],
80 silly audit   '@react-aria/interactions': [ '3.23.0' ],
80 silly audit   '@react-aria/ssr': [ '3.9.7' ],
80 silly audit   '@react-aria/utils': [ '3.27.0' ],
80 silly audit   '@react-stately/utils': [ '3.10.5' ],
80 silly audit   '@react-types/shared': [ '3.27.0' ],
80 silly audit   '@rollup/rollup-android-arm-eabi': [ '4.34.9' ],
80 silly audit   '@rollup/rollup-android-arm64': [ '4.34.9' ],
80 silly audit   '@rollup/rollup-darwin-arm64': [ '4.34.9' ],
80 silly audit   '@rollup/rollup-darwin-x64': [ '4.34.9' ],
80 silly audit   '@rollup/rollup-freebsd-arm64': [ '4.34.9' ],
80 silly audit   '@rollup/rollup-freebsd-x64': [ '4.34.9' ],
80 silly audit   '@rollup/rollup-linux-arm-gnueabihf': [ '4.34.9' ],
80 silly audit   '@rollup/rollup-linux-arm-musleabihf': [ '4.34.9' ],
80 silly audit   '@rollup/rollup-linux-arm64-gnu': [ '4.34.9' ],
80 silly audit   '@rollup/rollup-linux-arm64-musl': [ '4.34.9' ],
80 silly audit   '@rollup/rollup-linux-loongarch64-gnu': [ '4.34.9' ],
80 silly audit   '@rollup/rollup-linux-powerpc64le-gnu': [ '4.34.9' ],
80 silly audit   '@rollup/rollup-linux-riscv64-gnu': [ '4.34.9' ],
80 silly audit   '@rollup/rollup-linux-s390x-gnu': [ '4.34.9' ],
80 silly audit   '@rollup/rollup-linux-x64-gnu': [ '4.9.5', '4.34.9' ],
80 silly audit   '@rollup/rollup-linux-x64-musl': [ '4.34.9' ],
80 silly audit   '@rollup/rollup-win32-arm64-msvc': [ '4.34.9' ],
80 silly audit   '@rollup/rollup-win32-ia32-msvc': [ '4.34.9' ],
80 silly audit   '@rollup/rollup-win32-x64-msvc': [ '4.34.9' ],
80 silly audit   '@swc/helpers': [ '0.5.15' ],
80 silly audit   '@tailwindcss/node': [ '4.0.10' ],
80 silly audit   '@tailwindcss/oxide': [ '4.0.10' ],
80 silly audit   '@tailwindcss/oxide-android-arm64': [ '4.0.10' ],
80 silly audit   '@tailwindcss/oxide-darwin-arm64': [ '4.0.10' ],
80 silly audit   '@tailwindcss/oxide-darwin-x64': [ '4.0.10' ],
80 silly audit   '@tailwindcss/oxide-freebsd-x64': [ '4.0.10' ],
80 silly audit   '@tailwindcss/oxide-linux-arm-gnueabihf': [ '4.0.10' ],
80 silly audit   '@tailwindcss/oxide-linux-arm64-gnu': [ '4.0.10' ],
80 silly audit   '@tailwindcss/oxide-linux-arm64-musl': [ '4.0.10' ],
80 silly audit   '@tailwindcss/oxide-linux-x64-gnu': [ '4.0.10' ],
80 silly audit   '@tailwindcss/oxide-linux-x64-musl': [ '4.0.10' ],
80 silly audit   '@tailwindcss/oxide-win32-arm64-msvc': [ '4.0.10' ],
80 silly audit   '@tailwindcss/oxide-win32-x64-msvc': [ '4.0.10' ],
80 silly audit   '@tailwindcss/vite': [ '4.0.10' ],
80 silly audit   '@tanstack/react-virtual': [ '3.13.2' ],
80 silly audit   '@tanstack/virtual-core': [ '3.13.2' ],
80 silly audit   '@types/babel__core': [ '7.20.5' ],
80 silly audit   '@types/babel__generator': [ '7.6.8' ],
80 silly audit   '@types/babel__template': [ '7.4.4' ],
80 silly audit   '@types/babel__traverse': [ '7.20.6' ],
80 silly audit   '@types/estree': [ '1.0.6' ],
80 silly audit   '@types/json-schema': [ '7.0.15' ],
80 silly audit   '@types/node': [ '22.13.9' ],
80 silly audit   '@types/react': [ '19.0.10' ],
80 silly audit   '@types/react-dom': [ '19.0.4' ],
80 silly audit   '@typescript-eslint/eslint-plugin': [ '8.26.0' ],
80 silly audit   '@typescript-eslint/parser': [ '8.26.0' ],
80 silly audit   '@typescript-eslint/scope-manager': [ '8.26.0' ],
80 silly audit   '@typescript-eslint/type-utils': [ '8.26.0' ],
80 silly audit   '@typescript-eslint/types': [ '8.26.0' ],
80 silly audit   '@typescript-eslint/typescript-estree': [ '8.26.0' ],
80 silly audit   'brace-expansion': [ '2.0.1', '1.1.11' ],
80 silly audit   minimatch: [ '9.0.5', '3.1.2' ],
80 silly audit   semver: [ '7.7.1', '6.3.1' ],
80 silly audit   '@typescript-eslint/utils': [ '8.26.0' ],
80 silly audit   '@typescript-eslint/visitor-keys': [ '8.26.0' ],
80 silly audit   '@vitejs/plugin-react': [ '4.3.4' ],
80 silly audit   acorn: [ '8.14.1' ],
80 silly audit   'acorn-jsx': [ '5.3.2' ],
80 silly audit   ajv: [ '6.12.6' ],
80 silly audit   'ansi-regex': [ '5.0.1' ],
80 silly audit   'ansi-styles': [ '4.3.0' ],
80 silly audit   argparse: [ '2.0.1' ],
80 silly audit   'aria-hidden': [ '1.2.4' ],
80 silly audit   'array-buffer-byte-length': [ '1.0.2' ],
80 silly audit   'array-includes': [ '3.1.8' ],
80 silly audit   'array.prototype.findlast': [ '1.2.5' ],
80 silly audit   'array.prototype.flat': [ '1.3.3' ],
80 silly audit   'array.prototype.flatmap': [ '1.3.3' ],
80 silly audit   'array.prototype.tosorted': [ '1.1.4' ],
80 silly audit   'arraybuffer.prototype.slice': [ '1.0.4' ],
80 silly audit   'async-function': [ '1.0.0' ],
80 silly audit   asynckit: [ '0.4.0' ],
80 silly audit   'available-typed-arrays': [ '1.0.7' ],
80 silly audit   axios: [ '1.8.1' ],
80 silly audit   'balanced-match': [ '1.0.2' ],
80 silly audit   braces: [ '3.0.3' ],
80 silly audit   browserslist: [ '4.24.4' ],
80 silly audit   'call-bind': [ '1.0.8' ],
80 silly audit   'call-bind-apply-helpers': [ '1.0.2' ],
80 silly audit   'call-bound': [ '1.0.4' ],
80 silly audit   callsites: [ '3.1.0' ],
80 silly audit   'caniuse-lite': [ '1.0.30001702' ],
80 silly audit   chalk: [ '4.1.2' ],
80 silly audit   'supports-color': [ '7.2.0', '8.1.1' ],
80 silly audit   'class-variance-authority': [ '0.7.1' ],
80 silly audit   cliui: [ '8.0.1' ],
80 silly audit   clsx: [ '2.1.1' ],
80 silly audit   'color-convert': [ '2.0.1' ],
80 silly audit   'color-name': [ '1.1.4' ],
80 silly audit   'combined-stream': [ '1.0.8' ],
80 silly audit   'concat-map': [ '0.0.1' ],
80 silly audit   concurrently: [ '9.1.2' ],
80 silly audit   'convert-source-map': [ '2.0.0' ],
80 silly audit   'cross-spawn': [ '7.0.6' ],
80 silly audit   csstype: [ '3.1.3' ],
80 silly audit   'data-view-buffer': [ '1.0.2' ],
80 silly audit   'data-view-byte-length': [ '1.0.2' ],
80 silly audit   'data-view-byte-offset': [ '1.0.1' ],
80 silly audit   debug: [ '4.4.0' ],
80 silly audit   'deep-is': [ '0.1.4' ],
80 silly audit   deepmerge: [ '4.3.1' ],
80 silly audit   'define-data-property': [ '1.1.4' ],
80 silly audit   'define-properties': [ '1.2.1' ],
80 silly audit   'delayed-stream': [ '1.0.0' ],
80 silly audit   'detect-libc': [ '1.0.3' ],
80 silly audit   'detect-node-es': [ '1.1.0' ],
80 silly audit   doctrine: [ '2.1.0' ],
80 silly audit   'dunder-proto': [ '1.0.1' ],
80 silly audit   'electron-to-chromium': [ '1.5.112' ],
80 silly audit   'emoji-regex': [ '8.0.0' ],
80 silly audit   'enhanced-resolve': [ '5.18.1' ],
80 silly audit   'es-abstract': [ '1.23.9' ],
80 silly audit   'es-define-property': [ '1.0.1' ],
80 silly audit   'es-errors': [ '1.3.0' ],
80 silly audit   'es-iterator-helpers': [ '1.2.1' ],
80 silly audit   'es-object-atoms': [ '1.1.1' ],
80 silly audit   'es-set-tostringtag': [ '2.1.0' ],
80 silly audit   'es-shim-unscopables': [ '1.1.0' ],
80 silly audit   'es-to-primitive': [ '1.3.0' ],
80 silly audit   esbuild: [ '0.25.0' ],
80 silly audit   escalade: [ '3.2.0' ],
80 silly audit   'escape-string-regexp': [ '4.0.0' ],
80 silly audit   eslint: [ '9.21.0' ],
80 silly audit   'eslint-config-prettier': [ '10.0.2' ],
80 silly audit   'eslint-plugin-react': [ '7.37.4' ],
80 silly audit   'eslint-plugin-react-hooks': [ '5.2.0' ],
80 silly audit   'eslint-scope': [ '8.2.0' ],
80 silly audit   espree: [ '10.3.0' ],
80 silly audit   esquery: [ '1.6.0' ],
80 silly audit   esrecurse: [ '4.3.0' ],
80 silly audit   estraverse: [ '5.3.0' ],
80 silly audit   esutils: [ '2.0.3' ],
80 silly audit   'fast-deep-equal': [ '3.1.3' ],
80 silly audit   'fast-glob': [ '3.3.3' ],
80 silly audit   'glob-parent': [ '5.1.2', '6.0.2' ],
80 silly audit   'fast-json-stable-stringify': [ '2.1.0' ],
80 silly audit   'fast-levenshtein': [ '2.0.6' ],
80 silly audit   fastq: [ '1.19.1' ],
80 silly audit   'file-entry-cache': [ '8.0.0' ],
80 silly audit   'fill-range': [ '7.1.1' ],
80 silly audit   'find-up': [ '5.0.0' ],
80 silly audit   'flat-cache': [ '4.0.1' ],
80 silly audit   flatted: [ '3.3.3' ],
80 silly audit   'follow-redirects': [ '1.15.9' ],
80 silly audit   'for-each': [ '0.3.5' ],
80 silly audit   'form-data': [ '4.0.2' ],
80 silly audit   fsevents: [ '2.3.3' ],
80 silly audit   'function-bind': [ '1.1.2' ],
80 silly audit   'function.prototype.name': [ '1.1.8' ],
80 silly audit   'functions-have-names': [ '1.2.3' ],
80 silly audit   gensync: [ '1.0.0-beta.2' ],
80 silly audit   'get-caller-file': [ '2.0.5' ],
80 silly audit   'get-intrinsic': [ '1.3.0' ],
80 silly audit   'get-nonce': [ '1.0.1' ],
80 silly audit   'get-proto': [ '1.0.1' ],
80 silly audit   'get-symbol-description': [ '1.1.0' ],
80 silly audit   globalthis: [ '1.0.4' ],
80 silly audit   gopd: [ '1.2.0' ],
80 silly audit   'graceful-fs': [ '4.2.11' ],
80 silly audit   graphemer: [ '1.4.0' ],
80 silly audit   'has-bigints': [ '1.1.0' ],
80 silly audit   'has-flag': [ '4.0.0' ],
80 silly audit   'has-property-descriptors': [ '1.0.2' ],
80 silly audit   'has-proto': [ '1.2.0' ],
80 silly audit   'has-symbols': [ '1.1.0' ],
80 silly audit   'has-tostringtag': [ '1.0.2' ],
80 silly audit   hasown: [ '2.0.2' ],
80 silly audit   ignore: [ '5.3.2' ],
80 silly audit   'import-fresh': [ '3.3.1' ],
80 silly audit   imurmurhash: [ '0.1.4' ],
80 silly audit   'internal-slot': [ '1.1.0' ],
80 silly audit   'is-array-buffer': [ '3.0.5' ],
80 silly audit   'is-async-function': [ '2.1.1' ],
80 silly audit   'is-bigint': [ '1.1.0' ],
80 silly audit   'is-boolean-object': [ '1.2.2' ],
80 silly audit   'is-callable': [ '1.2.7' ],
80 silly audit   'is-core-module': [ '2.16.1' ],
80 silly audit   'is-data-view': [ '1.0.2' ],
80 silly audit   'is-date-object': [ '1.1.0' ],
80 silly audit   'is-extglob': [ '2.1.1' ],
80 silly audit   'is-finalizationregistry': [ '1.1.1' ],
80 silly audit   'is-fullwidth-code-point': [ '3.0.0' ],
80 silly audit   'is-generator-function': [ '1.1.0' ],
80 silly audit   'is-glob': [ '4.0.3' ],
80 silly audit   'is-map': [ '2.0.3' ],
80 silly audit   'is-number': [ '7.0.0' ],
80 silly audit   'is-number-object': [ '1.1.1' ],
80 silly audit   'is-regex': [ '1.2.1' ],
80 silly audit   'is-set': [ '2.0.3' ],
80 silly audit   'is-shared-array-buffer': [ '1.0.4' ],
80 silly audit   'is-string': [ '1.1.1' ],
80 silly audit   'is-symbol': [ '1.1.1' ],
80 silly audit   'is-typed-array': [ '1.1.15' ],
80 silly audit   'is-weakmap': [ '2.0.2' ],
80 silly audit   'is-weakref': [ '1.1.1' ],
80 silly audit   'is-weakset': [ '2.0.4' ],
80 silly audit   isarray: [ '2.0.5' ],
80 silly audit   isexe: [ '2.0.0' ],
80 silly audit   'iterator.prototype': [ '1.1.5' ],
80 silly audit   jiti: [ '2.4.2' ],
80 silly audit   'js-tokens': [ '4.0.0' ],
80 silly audit   'js-yaml': [ '4.1.0' ],
80 silly audit   jsesc: [ '3.1.0' ],
80 silly audit   'json-buffer': [ '3.0.1' ],
80 silly audit   'json-schema-traverse': [ '0.4.1' ],
80 silly audit   'json-stable-stringify-without-jsonify': [ '1.0.1' ],
80 silly audit   json5: [ '2.2.3' ],
80 silly audit   'jsx-ast-utils': [ '3.3.5' ],
80 silly audit   keyv: [ '4.5.4' ],
80 silly audit   'laravel-vite-plugin': [ '1.2.0' ],
80 silly audit   levn: [ '0.4.1' ],
80 silly audit   lightningcss: [ '1.29.1' ],
80 silly audit   'lightningcss-darwin-arm64': [ '1.29.1' ],
80 silly audit   'lightningcss-darwin-x64': [ '1.29.1' ],
80 silly audit   'lightningcss-freebsd-x64': [ '1.29.1' ],
80 silly audit   'lightningcss-linux-arm-gnueabihf': [ '1.29.1' ],
80 silly audit   'lightningcss-linux-arm64-gnu': [ '1.29.1' ],
80 silly audit   'lightningcss-linux-arm64-musl': [ '1.29.1' ],
80 silly audit   'lightningcss-linux-x64-gnu': [ '1.29.1' ],
80 silly audit   'lightningcss-linux-x64-musl': [ '1.29.1' ],
80 silly audit   'lightningcss-win32-arm64-msvc': [ '1.29.1' ],
80 silly audit   'lightningcss-win32-x64-msvc': [ '1.29.1' ],
80 silly audit   'locate-path': [ '6.0.0' ],
80 silly audit   lodash: [ '4.17.21' ],
80 silly audit   'lodash.isequal': [ '4.5.0' ],
80 silly audit   'lodash.merge': [ '4.6.2' ],
80 silly audit   'loose-envify': [ '1.4.0' ],
80 silly audit   'lru-cache': [ '5.1.1' ],
80 silly audit   'lucide-react': [ '0.475.0' ],
80 silly audit   'math-intrinsics': [ '1.1.0' ],
80 silly audit   merge2: [ '1.4.1' ],
80 silly audit   micromatch: [ '4.0.8' ],
80 silly audit   'mime-db': [ '1.52.0' ],
80 silly audit   'mime-types': [ '2.1.35' ],
80 silly audit   ms: [ '2.1.3' ],
80 silly audit   nanoid: [ '3.3.8' ],
80 silly audit   'natural-compare': [ '1.4.0' ],
80 silly audit   'node-releases': [ '2.0.19' ],
80 silly audit   'object-assign': [ '4.1.1' ],
80 silly audit   'object-inspect': [ '1.13.4' ],
80 silly audit   'object-keys': [ '1.1.1' ],
80 silly audit   'object.assign': [ '4.1.7' ],
80 silly audit   'object.entries': [ '1.1.8' ],
80 silly audit   'object.fromentries': [ '2.0.8' ],
80 silly audit   'object.values': [ '1.2.1' ],
80 silly audit   optionator: [ '0.9.4' ],
80 silly audit   'own-keys': [ '1.0.1' ],
80 silly audit   'p-limit': [ '3.1.0' ],
80 silly audit   'p-locate': [ '5.0.0' ],
80 silly audit   'parent-module': [ '1.0.1' ],
80 silly audit   'path-exists': [ '4.0.0' ],
80 silly audit   'path-key': [ '3.1.1' ],
80 silly audit   'path-parse': [ '1.0.7' ],
80 silly audit   picocolors: [ '1.1.1' ],
80 silly audit   picomatch: [ '2.3.1' ],
80 silly audit   'possible-typed-array-names': [ '1.1.0' ],
80 silly audit   postcss: [ '8.5.3' ],
80 silly audit   'prelude-ls': [ '1.2.1' ],
80 silly audit   prettier: [ '3.5.3' ],
80 silly audit   'prettier-plugin-organize-imports': [ '4.1.0' ],
80 silly audit   'prettier-plugin-tailwindcss': [ '0.6.11' ],
80 silly audit   'prop-types': [ '15.8.1' ],
80 silly audit   'proxy-from-env': [ '1.1.0' ],
80 silly audit   punycode: [ '2.3.1' ],
80 silly audit   qs: [ '6.14.0' ],
80 silly audit   'queue-microtask': [ '1.2.3' ],
80 silly audit   react: [ '19.0.0' ],
80 silly audit   'react-dom': [ '19.0.0' ],
80 silly audit   'react-is': [ '16.13.1' ],
80 silly audit   'react-refresh': [ '0.14.2' ],
80 silly audit   'react-remove-scroll': [ '2.6.3' ],
80 silly audit   'react-remove-scroll-bar': [ '2.3.8' ],
80 silly audit   'react-style-singleton': [ '2.2.3' ],
80 silly audit   'reflect.getprototypeof': [ '1.0.10' ],
80 silly audit   'regexp.prototype.flags': [ '1.5.4' ],
80 silly audit   'require-directory': [ '2.1.1' ],
80 silly audit   resolve: [ '2.0.0-next.5' ],
80 silly audit   'resolve-from': [ '4.0.0' ],
80 silly audit   reusify: [ '1.1.0' ],
80 silly audit   rollup: [ '4.34.9' ],
80 silly audit   'run-parallel': [ '1.2.0' ],
80 silly audit   rxjs: [ '7.8.2' ],
80 silly audit   'safe-array-concat': [ '1.1.3' ],
80 silly audit   'safe-push-apply': [ '1.0.0' ],
80 silly audit   'safe-regex-test': [ '1.1.0' ],
80 silly audit   scheduler: [ '0.25.0' ],
80 silly audit   'set-function-length': [ '1.2.2' ],
80 silly audit   'set-function-name': [ '2.0.2' ],
80 silly audit   'set-proto': [ '1.0.0' ],
80 silly audit   'shebang-command': [ '2.0.0' ],
80 silly audit   'shebang-regex': [ '3.0.0' ],
80 silly audit   'shell-quote': [ '1.8.2' ],
80 silly audit   'side-channel': [ '1.1.0' ],
80 silly audit   'side-channel-list': [ '1.0.0' ],
80 silly audit   'side-channel-map': [ '1.0.1' ],
80 silly audit   'side-channel-weakmap': [ '1.0.2' ],
80 silly audit   'source-map-js': [ '1.2.1' ],
80 silly audit   'string-width': [ '4.2.3' ],
80 silly audit   'string.prototype.matchall': [ '4.0.12' ],
80 silly audit   'string.prototype.repeat': [ '1.0.0' ],
80 silly audit   'string.prototype.trim': [ '1.2.10' ],
80 silly audit   'string.prototype.trimend': [ '1.0.9' ],
80 silly audit   'string.prototype.trimstart': [ '1.0.8' ],
80 silly audit   'strip-ansi': [ '6.0.1' ],
80 silly audit   'strip-json-comments': [ '3.1.1' ],
80 silly audit   'supports-preserve-symlinks-flag': [ '1.0.0' ],
80 silly audit   tabbable: [ '6.2.0' ],
80 silly audit   'tailwind-merge': [ '3.0.2' ],
80 silly audit   tailwindcss: [ '4.0.10' ],
80 silly audit   'tailwindcss-animate': [ '1.0.7' ],
80 silly audit   tapable: [ '2.2.1' ],
80 silly audit   'to-regex-range': [ '5.0.1' ],
80 silly audit   'tree-kill': [ '1.2.2' ],
80 silly audit   'ts-api-utils': [ '2.0.1' ],
80 silly audit   tslib: [ '2.8.1' ],
80 silly audit   'type-check': [ '0.4.0' ],
80 silly audit   'typed-array-buffer': [ '1.0.3' ],
80 silly audit   'typed-array-byte-length': [ '1.0.3' ],
80 silly audit   'typed-array-byte-offset': [ '1.0.4' ],
80 silly audit   'typed-array-length': [ '1.0.7' ],
80 silly audit   typescript: [ '5.8.2' ],
80 silly audit   'typescript-eslint': [ '8.26.0' ],
80 silly audit   'unbox-primitive': [ '1.1.0' ],
80 silly audit   'undici-types': [ '6.20.0' ],
80 silly audit   'update-browserslist-db': [ '1.1.3' ],
80 silly audit   'uri-js': [ '4.4.1' ],
80 silly audit   'use-callback-ref': [ '1.3.3' ],
80 silly audit   'use-sidecar': [ '1.1.3' ],
80 silly audit   vite: [ '6.2.0' ],
80 silly audit   'vite-plugin-full-reload': [ '1.2.0' ],
80 silly audit   which: [ '2.0.2' ],
80 silly audit   'which-boxed-primitive': [ '1.1.1' ],
80 silly audit   'which-builtin-type': [ '1.2.1' ],
80 silly audit   'which-collection': [ '1.0.2' ],
80 silly audit   'which-typed-array': [ '1.1.18' ],
80 silly audit   'word-wrap': [ '1.2.5' ],
80 silly audit   'wrap-ansi': [ '7.0.0' ],
80 silly audit   y18n: [ '5.0.8' ],
80 silly audit   yallist: [ '3.1.1' ],
80 silly audit   yargs: [ '17.7.2' ],
80 silly audit   'yargs-parser': [ '21.1.1' ],
80 silly audit   'yocto-queue': [ '0.1.0' ],
80 silly audit   '@radix-ui/react-label': [ '2.1.7' ],
80 silly audit   '@radix-ui/react-slot': [ '1.2.3', '1.1.2' ]
80 silly audit }
81 verbose reify failed optional dependency C:\Belajar\react-laravel\node_modules\lightningcss-win32-arm64-msvc
82 silly reify mark deleted [
82 silly reify   'C:\\Belajar\\react-laravel\\node_modules\\lightningcss-win32-arm64-msvc'
82 silly reify ]
83 verbose reify failed optional dependency C:\Belajar\react-laravel\node_modules\lightningcss-linux-x64-musl
84 silly reify mark deleted [
84 silly reify   'C:\\Belajar\\react-laravel\\node_modules\\lightningcss-linux-x64-musl'
84 silly reify ]
85 verbose reify failed optional dependency C:\Belajar\react-laravel\node_modules\lightningcss-linux-x64-gnu
86 silly reify mark deleted [
86 silly reify   'C:\\Belajar\\react-laravel\\node_modules\\lightningcss-linux-x64-gnu'
86 silly reify ]
87 verbose reify failed optional dependency C:\Belajar\react-laravel\node_modules\lightningcss-linux-arm64-musl
88 silly reify mark deleted [
88 silly reify   'C:\\Belajar\\react-laravel\\node_modules\\lightningcss-linux-arm64-musl'
88 silly reify ]
89 verbose reify failed optional dependency C:\Belajar\react-laravel\node_modules\lightningcss-linux-arm64-gnu
90 silly reify mark deleted [
90 silly reify   'C:\\Belajar\\react-laravel\\node_modules\\lightningcss-linux-arm64-gnu'
90 silly reify ]
91 verbose reify failed optional dependency C:\Belajar\react-laravel\node_modules\lightningcss-linux-arm-gnueabihf
92 silly reify mark deleted [
92 silly reify   'C:\\Belajar\\react-laravel\\node_modules\\lightningcss-linux-arm-gnueabihf'
92 silly reify ]
93 verbose reify failed optional dependency C:\Belajar\react-laravel\node_modules\lightningcss-freebsd-x64
94 silly reify mark deleted [
94 silly reify   'C:\\Belajar\\react-laravel\\node_modules\\lightningcss-freebsd-x64'
94 silly reify ]
95 verbose reify failed optional dependency C:\Belajar\react-laravel\node_modules\lightningcss-darwin-x64
96 silly reify mark deleted [ 'C:\\Belajar\\react-laravel\\node_modules\\lightningcss-darwin-x64' ]
97 verbose reify failed optional dependency C:\Belajar\react-laravel\node_modules\lightningcss-darwin-arm64
98 silly reify mark deleted [
98 silly reify   'C:\\Belajar\\react-laravel\\node_modules\\lightningcss-darwin-arm64'
98 silly reify ]
99 verbose reify failed optional dependency C:\Belajar\react-laravel\node_modules\fsevents
100 silly reify mark deleted [ 'C:\\Belajar\\react-laravel\\node_modules\\fsevents' ]
101 verbose reify failed optional dependency C:\Belajar\react-laravel\node_modules\@tailwindcss\oxide-win32-arm64-msvc
102 silly reify mark deleted [
102 silly reify   'C:\\Belajar\\react-laravel\\node_modules\\@tailwindcss\\oxide-win32-arm64-msvc'
102 silly reify ]
103 verbose reify failed optional dependency C:\Belajar\react-laravel\node_modules\@tailwindcss\oxide-linux-x64-musl
104 silly reify mark deleted [
104 silly reify   'C:\\Belajar\\react-laravel\\node_modules\\@tailwindcss\\oxide-linux-x64-musl'
104 silly reify ]
105 verbose reify failed optional dependency C:\Belajar\react-laravel\node_modules\@tailwindcss\oxide-linux-x64-gnu
106 silly reify mark deleted [
106 silly reify   'C:\\Belajar\\react-laravel\\node_modules\\@tailwindcss\\oxide-linux-x64-gnu'
106 silly reify ]
107 verbose reify failed optional dependency C:\Belajar\react-laravel\node_modules\@tailwindcss\oxide-linux-arm64-musl
108 silly reify mark deleted [
108 silly reify   'C:\\Belajar\\react-laravel\\node_modules\\@tailwindcss\\oxide-linux-arm64-musl'
108 silly reify ]
109 verbose reify failed optional dependency C:\Belajar\react-laravel\node_modules\@tailwindcss\oxide-linux-arm64-gnu
110 silly reify mark deleted [
110 silly reify   'C:\\Belajar\\react-laravel\\node_modules\\@tailwindcss\\oxide-linux-arm64-gnu'
110 silly reify ]
111 verbose reify failed optional dependency C:\Belajar\react-laravel\node_modules\@tailwindcss\oxide-linux-arm-gnueabihf
112 silly reify mark deleted [
112 silly reify   'C:\\Belajar\\react-laravel\\node_modules\\@tailwindcss\\oxide-linux-arm-gnueabihf'
112 silly reify ]
113 verbose reify failed optional dependency C:\Belajar\react-laravel\node_modules\@tailwindcss\oxide-freebsd-x64
114 silly reify mark deleted [
114 silly reify   'C:\\Belajar\\react-laravel\\node_modules\\@tailwindcss\\oxide-freebsd-x64'
114 silly reify ]
115 verbose reify failed optional dependency C:\Belajar\react-laravel\node_modules\@tailwindcss\oxide-darwin-x64
116 silly reify mark deleted [
116 silly reify   'C:\\Belajar\\react-laravel\\node_modules\\@tailwindcss\\oxide-darwin-x64'
116 silly reify ]
117 verbose reify failed optional dependency C:\Belajar\react-laravel\node_modules\@tailwindcss\oxide-darwin-arm64
118 silly reify mark deleted [
118 silly reify   'C:\\Belajar\\react-laravel\\node_modules\\@tailwindcss\\oxide-darwin-arm64'
118 silly reify ]
119 verbose reify failed optional dependency C:\Belajar\react-laravel\node_modules\@tailwindcss\oxide-android-arm64
120 silly reify mark deleted [
120 silly reify   'C:\\Belajar\\react-laravel\\node_modules\\@tailwindcss\\oxide-android-arm64'
120 silly reify ]
121 verbose reify failed optional dependency C:\Belajar\react-laravel\node_modules\@rollup\rollup-win32-ia32-msvc
122 silly reify mark deleted [
122 silly reify   'C:\\Belajar\\react-laravel\\node_modules\\@rollup\\rollup-win32-ia32-msvc'
122 silly reify ]
123 verbose reify failed optional dependency C:\Belajar\react-laravel\node_modules\@rollup\rollup-win32-arm64-msvc
124 silly reify mark deleted [
124 silly reify   'C:\\Belajar\\react-laravel\\node_modules\\@rollup\\rollup-win32-arm64-msvc'
124 silly reify ]
125 verbose reify failed optional dependency C:\Belajar\react-laravel\node_modules\@rollup\rollup-linux-x64-musl
126 silly reify mark deleted [
126 silly reify   'C:\\Belajar\\react-laravel\\node_modules\\@rollup\\rollup-linux-x64-musl'
126 silly reify ]
127 verbose reify failed optional dependency C:\Belajar\react-laravel\node_modules\@rollup\rollup-linux-x64-gnu
128 silly reify mark deleted [
128 silly reify   'C:\\Belajar\\react-laravel\\node_modules\\@rollup\\rollup-linux-x64-gnu'
128 silly reify ]
129 verbose reify failed optional dependency C:\Belajar\react-laravel\node_modules\@rollup\rollup-linux-s390x-gnu
130 silly reify mark deleted [
130 silly reify   'C:\\Belajar\\react-laravel\\node_modules\\@rollup\\rollup-linux-s390x-gnu'
130 silly reify ]
131 verbose reify failed optional dependency C:\Belajar\react-laravel\node_modules\@rollup\rollup-linux-riscv64-gnu
132 silly reify mark deleted [
132 silly reify   'C:\\Belajar\\react-laravel\\node_modules\\@rollup\\rollup-linux-riscv64-gnu'
132 silly reify ]
133 verbose reify failed optional dependency C:\Belajar\react-laravel\node_modules\@rollup\rollup-linux-powerpc64le-gnu
134 silly reify mark deleted [
134 silly reify   'C:\\Belajar\\react-laravel\\node_modules\\@rollup\\rollup-linux-powerpc64le-gnu'
134 silly reify ]
135 verbose reify failed optional dependency C:\Belajar\react-laravel\node_modules\@rollup\rollup-linux-loongarch64-gnu
136 silly reify mark deleted [
136 silly reify   'C:\\Belajar\\react-laravel\\node_modules\\@rollup\\rollup-linux-loongarch64-gnu'
136 silly reify ]
137 verbose reify failed optional dependency C:\Belajar\react-laravel\node_modules\@rollup\rollup-linux-arm64-musl
138 silly reify mark deleted [
138 silly reify   'C:\\Belajar\\react-laravel\\node_modules\\@rollup\\rollup-linux-arm64-musl'
138 silly reify ]
139 verbose reify failed optional dependency C:\Belajar\react-laravel\node_modules\@rollup\rollup-linux-arm64-gnu
140 silly reify mark deleted [
140 silly reify   'C:\\Belajar\\react-laravel\\node_modules\\@rollup\\rollup-linux-arm64-gnu'
140 silly reify ]
141 verbose reify failed optional dependency C:\Belajar\react-laravel\node_modules\@rollup\rollup-linux-arm-musleabihf
142 silly reify mark deleted [
142 silly reify   'C:\\Belajar\\react-laravel\\node_modules\\@rollup\\rollup-linux-arm-musleabihf'
142 silly reify ]
143 verbose reify failed optional dependency C:\Belajar\react-laravel\node_modules\@rollup\rollup-linux-arm-gnueabihf
144 silly reify mark deleted [
144 silly reify   'C:\\Belajar\\react-laravel\\node_modules\\@rollup\\rollup-linux-arm-gnueabihf'
144 silly reify ]
145 verbose reify failed optional dependency C:\Belajar\react-laravel\node_modules\@rollup\rollup-freebsd-x64
146 silly reify mark deleted [
146 silly reify   'C:\\Belajar\\react-laravel\\node_modules\\@rollup\\rollup-freebsd-x64'
146 silly reify ]
147 verbose reify failed optional dependency C:\Belajar\react-laravel\node_modules\@rollup\rollup-freebsd-arm64
148 silly reify mark deleted [
148 silly reify   'C:\\Belajar\\react-laravel\\node_modules\\@rollup\\rollup-freebsd-arm64'
148 silly reify ]
149 verbose reify failed optional dependency C:\Belajar\react-laravel\node_modules\@rollup\rollup-darwin-x64
150 silly reify mark deleted [
150 silly reify   'C:\\Belajar\\react-laravel\\node_modules\\@rollup\\rollup-darwin-x64'
150 silly reify ]
151 verbose reify failed optional dependency C:\Belajar\react-laravel\node_modules\@rollup\rollup-darwin-arm64
152 silly reify mark deleted [
152 silly reify   'C:\\Belajar\\react-laravel\\node_modules\\@rollup\\rollup-darwin-arm64'
152 silly reify ]
153 verbose reify failed optional dependency C:\Belajar\react-laravel\node_modules\@rollup\rollup-android-arm64
154 silly reify mark deleted [
154 silly reify   'C:\\Belajar\\react-laravel\\node_modules\\@rollup\\rollup-android-arm64'
154 silly reify ]
155 verbose reify failed optional dependency C:\Belajar\react-laravel\node_modules\@rollup\rollup-android-arm-eabi
156 silly reify mark deleted [
156 silly reify   'C:\\Belajar\\react-laravel\\node_modules\\@rollup\\rollup-android-arm-eabi'
156 silly reify ]
157 verbose reify failed optional dependency C:\Belajar\react-laravel\node_modules\@esbuild\win32-ia32
158 silly reify mark deleted [ 'C:\\Belajar\\react-laravel\\node_modules\\@esbuild\\win32-ia32' ]
159 verbose reify failed optional dependency C:\Belajar\react-laravel\node_modules\@esbuild\win32-arm64
160 silly reify mark deleted [ 'C:\\Belajar\\react-laravel\\node_modules\\@esbuild\\win32-arm64' ]
161 verbose reify failed optional dependency C:\Belajar\react-laravel\node_modules\@esbuild\sunos-x64
162 silly reify mark deleted [ 'C:\\Belajar\\react-laravel\\node_modules\\@esbuild\\sunos-x64' ]
163 verbose reify failed optional dependency C:\Belajar\react-laravel\node_modules\@esbuild\openbsd-x64
164 silly reify mark deleted [ 'C:\\Belajar\\react-laravel\\node_modules\\@esbuild\\openbsd-x64' ]
165 verbose reify failed optional dependency C:\Belajar\react-laravel\node_modules\@esbuild\openbsd-arm64
166 silly reify mark deleted [ 'C:\\Belajar\\react-laravel\\node_modules\\@esbuild\\openbsd-arm64' ]
167 verbose reify failed optional dependency C:\Belajar\react-laravel\node_modules\@esbuild\netbsd-x64
168 silly reify mark deleted [ 'C:\\Belajar\\react-laravel\\node_modules\\@esbuild\\netbsd-x64' ]
169 verbose reify failed optional dependency C:\Belajar\react-laravel\node_modules\@esbuild\netbsd-arm64
170 silly reify mark deleted [ 'C:\\Belajar\\react-laravel\\node_modules\\@esbuild\\netbsd-arm64' ]
171 verbose reify failed optional dependency C:\Belajar\react-laravel\node_modules\@esbuild\linux-x64
172 silly reify mark deleted [ 'C:\\Belajar\\react-laravel\\node_modules\\@esbuild\\linux-x64' ]
173 verbose reify failed optional dependency C:\Belajar\react-laravel\node_modules\@esbuild\linux-s390x
174 silly reify mark deleted [ 'C:\\Belajar\\react-laravel\\node_modules\\@esbuild\\linux-s390x' ]
175 verbose reify failed optional dependency C:\Belajar\react-laravel\node_modules\@esbuild\linux-riscv64
176 silly reify mark deleted [ 'C:\\Belajar\\react-laravel\\node_modules\\@esbuild\\linux-riscv64' ]
177 verbose reify failed optional dependency C:\Belajar\react-laravel\node_modules\@esbuild\linux-ppc64
178 silly reify mark deleted [ 'C:\\Belajar\\react-laravel\\node_modules\\@esbuild\\linux-ppc64' ]
179 verbose reify failed optional dependency C:\Belajar\react-laravel\node_modules\@esbuild\linux-mips64el
180 silly reify mark deleted [
180 silly reify   'C:\\Belajar\\react-laravel\\node_modules\\@esbuild\\linux-mips64el'
180 silly reify ]
181 verbose reify failed optional dependency C:\Belajar\react-laravel\node_modules\@esbuild\linux-loong64
182 silly reify mark deleted [ 'C:\\Belajar\\react-laravel\\node_modules\\@esbuild\\linux-loong64' ]
183 verbose reify failed optional dependency C:\Belajar\react-laravel\node_modules\@esbuild\linux-ia32
184 silly reify mark deleted [ 'C:\\Belajar\\react-laravel\\node_modules\\@esbuild\\linux-ia32' ]
185 verbose reify failed optional dependency C:\Belajar\react-laravel\node_modules\@esbuild\linux-arm64
186 silly reify mark deleted [ 'C:\\Belajar\\react-laravel\\node_modules\\@esbuild\\linux-arm64' ]
187 verbose reify failed optional dependency C:\Belajar\react-laravel\node_modules\@esbuild\linux-arm
188 silly reify mark deleted [ 'C:\\Belajar\\react-laravel\\node_modules\\@esbuild\\linux-arm' ]
189 verbose reify failed optional dependency C:\Belajar\react-laravel\node_modules\@esbuild\freebsd-x64
190 silly reify mark deleted [ 'C:\\Belajar\\react-laravel\\node_modules\\@esbuild\\freebsd-x64' ]
191 verbose reify failed optional dependency C:\Belajar\react-laravel\node_modules\@esbuild\freebsd-arm64
192 silly reify mark deleted [ 'C:\\Belajar\\react-laravel\\node_modules\\@esbuild\\freebsd-arm64' ]
193 verbose reify failed optional dependency C:\Belajar\react-laravel\node_modules\@esbuild\darwin-x64
194 silly reify mark deleted [ 'C:\\Belajar\\react-laravel\\node_modules\\@esbuild\\darwin-x64' ]
195 verbose reify failed optional dependency C:\Belajar\react-laravel\node_modules\@esbuild\darwin-arm64
196 silly reify mark deleted [ 'C:\\Belajar\\react-laravel\\node_modules\\@esbuild\\darwin-arm64' ]
197 verbose reify failed optional dependency C:\Belajar\react-laravel\node_modules\@esbuild\android-x64
198 silly reify mark deleted [ 'C:\\Belajar\\react-laravel\\node_modules\\@esbuild\\android-x64' ]
199 verbose reify failed optional dependency C:\Belajar\react-laravel\node_modules\@esbuild\android-arm64
200 silly reify mark deleted [ 'C:\\Belajar\\react-laravel\\node_modules\\@esbuild\\android-arm64' ]
201 verbose reify failed optional dependency C:\Belajar\react-laravel\node_modules\@esbuild\android-arm
202 silly reify mark deleted [ 'C:\\Belajar\\react-laravel\\node_modules\\@esbuild\\android-arm' ]
203 verbose reify failed optional dependency C:\Belajar\react-laravel\node_modules\@esbuild\aix-ppc64
204 silly reify mark deleted [ 'C:\\Belajar\\react-laravel\\node_modules\\@esbuild\\aix-ppc64' ]
205 verbose reify failed optional dependency C:\Belajar\react-laravel\node_modules\rollup\node_modules\@rollup\rollup-linux-x64-gnu
206 silly reify mark deleted [
206 silly reify   'C:\\Belajar\\react-laravel\\node_modules\\rollup\\node_modules\\@rollup\\rollup-linux-x64-gnu'
206 silly reify ]
207 http cache @radix-ui/react-slot@https://registry.npmjs.org/@radix-ui/react-slot/-/react-slot-1.2.3.tgz 0ms (cache hit)
208 http cache @radix-ui/react-label@https://registry.npmjs.org/@radix-ui/react-label/-/react-label-2.1.7.tgz 0ms (cache hit)
209 http cache @radix-ui/react-slot@https://registry.npmjs.org/@radix-ui/react-slot/-/react-slot-1.1.2.tgz 0ms (cache hit)
210 http cache @radix-ui/react-slot@https://registry.npmjs.org/@radix-ui/react-slot/-/react-slot-1.1.2.tgz 0ms (cache hit)
211 http cache @radix-ui/react-compose-refs@https://registry.npmjs.org/@radix-ui/react-compose-refs/-/react-compose-refs-1.1.2.tgz 0ms (cache hit)
212 http cache @radix-ui/react-slot@https://registry.npmjs.org/@radix-ui/react-slot/-/react-slot-1.1.2.tgz 0ms (cache hit)
213 http cache @radix-ui/react-slot@https://registry.npmjs.org/@radix-ui/react-slot/-/react-slot-1.1.2.tgz 0ms (cache hit)
214 http cache @radix-ui/react-slot@https://registry.npmjs.org/@radix-ui/react-slot/-/react-slot-1.1.2.tgz 0ms (cache hit)
215 silly tarball no local data for @radix-ui/react-slot@https://registry.npmjs.org/@radix-ui/react-slot/-/react-slot-1.2.3.tgz. Extracting by manifest.
216 silly tarball no local data for @radix-ui/react-label@https://registry.npmjs.org/@radix-ui/react-label/-/react-label-2.1.7.tgz. Extracting by manifest.
217 http cache @radix-ui/react-primitive@https://registry.npmjs.org/@radix-ui/react-primitive/-/react-primitive-2.1.3.tgz 0ms (cache hit)
218 http cache @radix-ui/react-slot@https://registry.npmjs.org/@radix-ui/react-slot/-/react-slot-1.1.2.tgz 0ms (cache hit)
219 silly tarball no local data for @radix-ui/react-compose-refs@https://registry.npmjs.org/@radix-ui/react-compose-refs/-/react-compose-refs-1.1.2.tgz. Extracting by manifest.
220 silly tarball no local data for @radix-ui/react-primitive@https://registry.npmjs.org/@radix-ui/react-primitive/-/react-primitive-2.1.3.tgz. Extracting by manifest.
221 http fetch GET 200 https://registry.npmjs.org/@radix-ui/react-slot/-/react-slot-1.2.3.tgz 94ms (cache miss)
222 http fetch GET 200 https://registry.npmjs.org/@radix-ui/react-label/-/react-label-2.1.7.tgz 153ms (cache miss)
223 http fetch GET 200 https://registry.npmjs.org/@radix-ui/react-compose-refs/-/react-compose-refs-1.1.2.tgz 153ms (cache miss)
224 http fetch GET 200 https://registry.npmjs.org/@radix-ui/react-primitive/-/react-primitive-2.1.3.tgz 157ms (cache miss)
225 http fetch POST 200 https://registry.npmjs.org/-/npm/v1/security/advisories/bulk 278ms
226 silly audit report {
226 silly audit report   '@babel/helpers': [
226 silly audit report     {
226 silly audit report       id: 1104001,
226 silly audit report       url: 'https://github.com/advisories/GHSA-968p-4wvh-cqc8',
226 silly audit report       title: 'Babel has inefficient RegExp complexity in generated code with .replace when transpiling named capturing groups',
226 silly audit report       severity: 'moderate',
226 silly audit report       vulnerable_versions: '<7.26.10',
226 silly audit report       cwe: [Array],
226 silly audit report       cvss: [Object]
226 silly audit report     }
226 silly audit report   ],
226 silly audit report   'brace-expansion': [
226 silly audit report     {
226 silly audit report       id: 1105443,
226 silly audit report       url: 'https://github.com/advisories/GHSA-v6h2-p8h4-qcjw',
226 silly audit report       title: 'brace-expansion Regular Expression Denial of Service vulnerability',
226 silly audit report       severity: 'low',
226 silly audit report       vulnerable_versions: '>=1.0.0 <=1.1.11',
226 silly audit report       cwe: [Array],
226 silly audit report       cvss: [Object]
226 silly audit report     },
226 silly audit report     {
226 silly audit report       id: 1105444,
226 silly audit report       url: 'https://github.com/advisories/GHSA-v6h2-p8h4-qcjw',
226 silly audit report       title: 'brace-expansion Regular Expression Denial of Service vulnerability',
226 silly audit report       severity: 'low',
226 silly audit report       vulnerable_versions: '>=2.0.0 <=2.0.1',
226 silly audit report       cwe: [Array],
226 silly audit report       cvss: [Object]
226 silly audit report     }
226 silly audit report   ],
226 silly audit report   axios: [
226 silly audit report     {
226 silly audit report       id: 1103618,
226 silly audit report       url: 'https://github.com/advisories/GHSA-jr5f-v2jv-69x6',
226 silly audit report       title: 'axios Requests Vulnerable To Possible SSRF and Credential Leakage via Absolute URL',
226 silly audit report       severity: 'high',
226 silly audit report       vulnerable_versions: '>=1.0.0 <1.8.2',
226 silly audit report       cwe: [Array],
226 silly audit report       cvss: [Object]
226 silly audit report     }
226 silly audit report   ],
226 silly audit report   vite: [
226 silly audit report     {
226 silly audit report       id: 1103520,
226 silly audit report       url: 'https://github.com/advisories/GHSA-x574-m823-4x7w',
226 silly audit report       title: 'Vite bypasses server.fs.deny when using ?raw??',
226 silly audit report       severity: 'moderate',
226 silly audit report       vulnerable_versions: '>=6.2.0 <6.2.3',
226 silly audit report       cwe: [Array],
226 silly audit report       cvss: [Object]
226 silly audit report     },
226 silly audit report     {
226 silly audit report       id: 1103631,
226 silly audit report       url: 'https://github.com/advisories/GHSA-4r4m-qw57-chr8',
226 silly audit report       title: 'Vite has a `server.fs.deny` bypassed for `inline` and `raw` with `?import` query',
226 silly audit report       severity: 'moderate',
226 silly audit report       vulnerable_versions: '>=6.2.0 <6.2.4',
226 silly audit report       cwe: [Array],
226 silly audit report       cvss: [Object]
226 silly audit report     },
226 silly audit report     {
226 silly audit report       id: 1103887,
226 silly audit report       url: 'https://github.com/advisories/GHSA-356w-63v5-8wf4',
226 silly audit report       title: 'Vite has an `server.fs.deny` bypass with an invalid `request-target`',
226 silly audit report       severity: 'moderate',
226 silly audit report       vulnerable_versions: '>=6.2.0 <6.2.6',
226 silly audit report       cwe: [Array],
226 silly audit report       cvss: [Object]
226 silly audit report     },
226 silly audit report     {
226 silly audit report       id: 1104175,
226 silly audit report       url: 'https://github.com/advisories/GHSA-859w-5945-r5v3',
226 silly audit report       title: "Vite's server.fs.deny bypassed with /. for files under project root",
226 silly audit report       severity: 'moderate',
226 silly audit report       vulnerable_versions: '>=6.2.0 <=6.2.6',
226 silly audit report       cwe: [Array],
226 silly audit report       cvss: [Object]
226 silly audit report     },
226 silly audit report     {
226 silly audit report       id: 1104205,
226 silly audit report       url: 'https://github.com/advisories/GHSA-xcj6-pq6g-qj4x',
226 silly audit report       title: 'Vite allows server.fs.deny to be bypassed with .svg or relative paths',
226 silly audit report       severity: 'moderate',
226 silly audit report       vulnerable_versions: '>=6.2.0 <6.2.5',
226 silly audit report       cwe: [Array],
226 silly audit report       cvss: [Object]
226 silly audit report     }
226 silly audit report   ]
226 silly audit report }
227 silly packumentCache corgi:https://registry.npmjs.org/@babel%2fhelpers cache-miss
228 silly packumentCache corgi:https://registry.npmjs.org/brace-expansion cache-miss
229 silly packumentCache corgi:https://registry.npmjs.org/axios cache-miss
230 silly packumentCache corgi:https://registry.npmjs.org/vite cache-miss
231 http fetch GET 200 https://registry.npmjs.org/axios 99ms (cache revalidated)
232 silly packumentCache corgi:https://registry.npmjs.org/axios set size:242627 disposed:false
233 http fetch GET 200 https://registry.npmjs.org/brace-expansion 106ms (cache revalidated)
234 silly packumentCache corgi:https://registry.npmjs.org/brace-expansion set size:16192 disposed:false
235 http fetch GET 200 https://registry.npmjs.org/vite 110ms (cache revalidated)
236 silly packumentCache corgi:https://registry.npmjs.org/vite set size:2031907 disposed:false
237 http fetch GET 200 https://registry.npmjs.org/@babel%2fhelpers 137ms (cache revalidated)
238 silly packumentCache corgi:https://registry.npmjs.org/@babel%2fhelpers set size:198682 disposed:false
239 silly packumentCache corgi:https://registry.npmjs.org/@babel%2fcore cache-miss
240 http fetch GET 200 https://registry.npmjs.org/@babel%2fcore 86ms (cache revalidated)
241 silly packumentCache corgi:https://registry.npmjs.org/@babel%2fcore set size:391874 disposed:false
242 silly packumentCache corgi:https://registry.npmjs.org/minimatch cache-miss
243 http fetch GET 200 https://registry.npmjs.org/minimatch 45ms (cache revalidated)
244 silly packumentCache corgi:https://registry.npmjs.org/minimatch set size:143741 disposed:false
245 silly packumentCache corgi:https://registry.npmjs.org/@inertiajs%2fcore cache-miss
246 http fetch GET 200 https://registry.npmjs.org/@inertiajs%2fcore 80ms (cache revalidated)
247 silly packumentCache corgi:https://registry.npmjs.org/@inertiajs%2fcore set size:51443 disposed:false
248 silly packumentCache corgi:https://registry.npmjs.org/@tailwindcss%2fvite cache-miss
249 silly packumentCache corgi:https://registry.npmjs.org/@vitejs%2fplugin-react cache-miss
250 silly packumentCache corgi:https://registry.npmjs.org/laravel-vite-plugin cache-miss
251 http fetch GET 200 https://registry.npmjs.org/laravel-vite-plugin 49ms (cache revalidated)
252 silly packumentCache corgi:https://registry.npmjs.org/laravel-vite-plugin set size:61025 disposed:false
253 http fetch GET 200 https://registry.npmjs.org/@tailwindcss%2fvite 56ms (cache revalidated)
254 silly packumentCache corgi:https://registry.npmjs.org/@tailwindcss%2fvite set size:470418 disposed:false
255 http fetch GET 200 https://registry.npmjs.org/@vitejs%2fplugin-react 92ms (cache revalidated)
256 silly packumentCache corgi:https://registry.npmjs.org/@vitejs%2fplugin-react set size:92339 disposed:false
257 silly ADD node_modules/lightningcss-win32-arm64-msvc
258 silly ADD node_modules/lightningcss-linux-x64-musl
259 silly ADD node_modules/lightningcss-linux-x64-gnu
260 silly ADD node_modules/lightningcss-linux-arm64-musl
261 silly ADD node_modules/lightningcss-linux-arm64-gnu
262 silly ADD node_modules/lightningcss-linux-arm-gnueabihf
263 silly ADD node_modules/lightningcss-freebsd-x64
264 silly ADD node_modules/lightningcss-darwin-x64
265 silly ADD node_modules/lightningcss-darwin-arm64
266 silly ADD node_modules/fsevents
267 silly ADD node_modules/@tailwindcss/oxide-win32-arm64-msvc
268 silly ADD node_modules/@tailwindcss/oxide-linux-x64-musl
269 silly ADD node_modules/@tailwindcss/oxide-linux-x64-gnu
270 silly ADD node_modules/@tailwindcss/oxide-linux-arm64-musl
271 silly ADD node_modules/@tailwindcss/oxide-linux-arm64-gnu
272 silly ADD node_modules/@tailwindcss/oxide-linux-arm-gnueabihf
273 silly ADD node_modules/@tailwindcss/oxide-freebsd-x64
274 silly ADD node_modules/@tailwindcss/oxide-darwin-x64
275 silly ADD node_modules/@tailwindcss/oxide-darwin-arm64
276 silly ADD node_modules/@tailwindcss/oxide-android-arm64
277 silly ADD node_modules/@rollup/rollup-win32-ia32-msvc
278 silly ADD node_modules/@rollup/rollup-win32-arm64-msvc
279 silly ADD node_modules/@rollup/rollup-linux-x64-musl
280 silly ADD node_modules/@rollup/rollup-linux-x64-gnu
281 silly ADD node_modules/@rollup/rollup-linux-s390x-gnu
282 silly ADD node_modules/@rollup/rollup-linux-riscv64-gnu
283 silly ADD node_modules/@rollup/rollup-linux-powerpc64le-gnu
284 silly ADD node_modules/@rollup/rollup-linux-loongarch64-gnu
285 silly ADD node_modules/@rollup/rollup-linux-arm64-musl
286 silly ADD node_modules/@rollup/rollup-linux-arm64-gnu
287 silly ADD node_modules/@rollup/rollup-linux-arm-musleabihf
288 silly ADD node_modules/@rollup/rollup-linux-arm-gnueabihf
289 silly ADD node_modules/@rollup/rollup-freebsd-x64
290 silly ADD node_modules/@rollup/rollup-freebsd-arm64
291 silly ADD node_modules/@rollup/rollup-darwin-x64
292 silly ADD node_modules/@rollup/rollup-darwin-arm64
293 silly ADD node_modules/@rollup/rollup-android-arm64
294 silly ADD node_modules/@rollup/rollup-android-arm-eabi
295 silly ADD node_modules/@esbuild/win32-ia32
296 silly ADD node_modules/@esbuild/win32-arm64
297 silly ADD node_modules/@esbuild/sunos-x64
298 silly ADD node_modules/@esbuild/openbsd-x64
299 silly ADD node_modules/@esbuild/openbsd-arm64
300 silly ADD node_modules/@esbuild/netbsd-x64
301 silly ADD node_modules/@esbuild/netbsd-arm64
302 silly ADD node_modules/@esbuild/linux-x64
303 silly ADD node_modules/@esbuild/linux-s390x
304 silly ADD node_modules/@esbuild/linux-riscv64
305 silly ADD node_modules/@esbuild/linux-ppc64
306 silly ADD node_modules/@esbuild/linux-mips64el
307 silly ADD node_modules/@esbuild/linux-loong64
308 silly ADD node_modules/@esbuild/linux-ia32
309 silly ADD node_modules/@esbuild/linux-arm64
310 silly ADD node_modules/@esbuild/linux-arm
311 silly ADD node_modules/@esbuild/freebsd-x64
312 silly ADD node_modules/@esbuild/freebsd-arm64
313 silly ADD node_modules/@esbuild/darwin-x64
314 silly ADD node_modules/@esbuild/darwin-arm64
315 silly ADD node_modules/@esbuild/android-x64
316 silly ADD node_modules/@esbuild/android-arm64
317 silly ADD node_modules/@esbuild/android-arm
318 silly ADD node_modules/@esbuild/aix-ppc64
319 silly ADD node_modules/@radix-ui/react-tooltip/node_modules/@radix-ui/react-slot
320 silly CHANGE node_modules/@radix-ui/react-slot
321 silly ADD node_modules/@radix-ui/react-slot/node_modules/@radix-ui/react-compose-refs
322 silly ADD node_modules/@radix-ui/react-select/node_modules/@radix-ui/react-slot
323 silly ADD node_modules/@radix-ui/react-primitive/node_modules/@radix-ui/react-slot
324 silly ADD node_modules/@radix-ui/react-menu/node_modules/@radix-ui/react-slot
325 silly CHANGE node_modules/@radix-ui/react-label
326 silly ADD node_modules/@radix-ui/react-label/node_modules/@radix-ui/react-primitive
327 silly ADD node_modules/@radix-ui/react-dialog/node_modules/@radix-ui/react-slot
328 silly ADD node_modules/@radix-ui/react-collection/node_modules/@radix-ui/react-slot
329 silly ADD node_modules/rollup/node_modules/@rollup/rollup-linux-x64-gnu
330 verbose cwd C:\Belajar\react-laravel
331 verbose os Windows_NT 10.0.26100
332 verbose node v22.17.0
333 verbose npm  v11.4.2
334 verbose exit 0
335 info ok
