0 verbose cli C:\Program Files\nodejs\node.exe C:\Users\bagus ardiansyah\AppData\Roaming\npm\node_modules\npm\bin\npm-cli.js
1 info using npm@11.4.2
2 info using node@v22.17.0
3 silly config load:file:C:\Users\bagus ardiansyah\AppData\Roaming\npm\node_modules\npm\npmrc
4 silly config load:file:C:\Belajar\react-laravel\.npmrc
5 silly config load:file:C:\Users\bagus ardiansyah\.npmrc
6 silly config load:file:C:\Users\bagus ardiansyah\AppData\Roaming\npm\etc\npmrc
7 verbose title npm install framer-motion
8 verbose argv "install" "framer-motion"
9 verbose logfile logs-max:10 dir:C:\Belajar\react-laravel\npm-cache\_logs\2025-07-15T15_01_52_123Z-
10 verbose logfile C:\Belajar\react-laravel\npm-cache\_logs\2025-07-15T15_01_52_123Z-debug-0.log
11 silly logfile done cleaning log files
12 silly packumentCache heap:2197815296 maxSize:549453824 maxEntrySize:274726912
13 silly idealTree buildDeps
14 silly fetch manifest framer-motion@*
15 silly packumentCache full:https://registry.npmjs.org/framer-motion cache-miss
16 http fetch GET 200 https://registry.npmjs.org/framer-motion 528ms (cache miss)
17 silly packumentCache full:https://registry.npmjs.org/framer-motion set size:undefined disposed:false
18 silly fetch manifest @emotion/is-prop-valid@*
19 silly packumentCache full:https://registry.npmjs.org/@emotion%2fis-prop-valid cache-miss
20 http fetch GET 200 https://registry.npmjs.org/@emotion%2fis-prop-valid 252ms (cache miss)
21 silly packumentCache full:https://registry.npmjs.org/@emotion%2fis-prop-valid set size:undefined disposed:false
22 silly fetch manifest react@^19.0.0
23 silly packumentCache full:https://registry.npmjs.org/react cache-miss
24 http fetch GET 200 https://registry.npmjs.org/react 67ms (cache revalidated)
25 silly packumentCache full:https://registry.npmjs.org/react set size:5857614 disposed:false
26 silly fetch manifest react-dom@^19.0.0
27 silly packumentCache full:https://registry.npmjs.org/react-dom cache-miss
28 http fetch GET 200 https://registry.npmjs.org/react-dom 64ms (cache revalidated)
29 silly packumentCache full:https://registry.npmjs.org/react-dom set size:7509448 disposed:false
30 silly placeDep ROOT framer-motion@12.23.6 OK for:  want: *
31 silly fetch manifest motion-dom@^12.23.6
32 silly packumentCache full:https://registry.npmjs.org/motion-dom cache-miss
33 silly fetch manifest motion-utils@^12.23.6
34 silly packumentCache full:https://registry.npmjs.org/motion-utils cache-miss
35 http fetch GET 200 https://registry.npmjs.org/motion-dom 49ms (cache miss)
36 silly packumentCache full:https://registry.npmjs.org/motion-dom set size:undefined disposed:false
37 http fetch GET 200 https://registry.npmjs.org/motion-utils 140ms (cache miss)
38 silly packumentCache full:https://registry.npmjs.org/motion-utils set size:undefined disposed:false
39 silly placeDep ROOT motion-dom@12.23.6 OK for: framer-motion@12.23.6 want: ^12.23.6
40 silly placeDep ROOT motion-utils@12.23.6 OK for: framer-motion@12.23.6 want: ^12.23.6
41 silly reify mark retired [ 'C:\\Belajar\\react-laravel\\node_modules\\@babel\\runtime' ]
42 silly reify mark retired [ 'C:\\Belajar\\react-laravel\\node_modules\\@dnd-kit\\accessibility' ]
43 silly reify mark retired [ 'C:\\Belajar\\react-laravel\\node_modules\\@dnd-kit\\core' ]
44 silly reify mark retired [ 'C:\\Belajar\\react-laravel\\node_modules\\@dnd-kit\\modifiers' ]
45 silly reify mark retired [ 'C:\\Belajar\\react-laravel\\node_modules\\@dnd-kit\\sortable' ]
46 silly reify mark retired [ 'C:\\Belajar\\react-laravel\\node_modules\\@dnd-kit\\utilities' ]
47 silly reify mark retired [ 'C:\\Belajar\\react-laravel\\node_modules\\@radix-ui\\number' ]
48 silly reify mark retired [ 'C:\\Belajar\\react-laravel\\node_modules\\@radix-ui\\react-arrow' ]
49 silly reify mark retired [ 'C:\\Belajar\\react-laravel\\node_modules\\@radix-ui\\react-avatar' ]
50 silly reify mark retired [
50 silly reify   'C:\\Belajar\\react-laravel\\node_modules\\@radix-ui\\react-checkbox'
50 silly reify ]
51 silly reify mark retired [ 'C:\\Belajar\\react-laravel\\node_modules\\@radix-ui\\react-dialog' ]
52 silly reify mark retired [
52 silly reify   'C:\\Belajar\\react-laravel\\node_modules\\@radix-ui\\react-dropdown-menu'
52 silly reify ]
53 silly reify mark retired [
53 silly reify   'C:\\Belajar\\react-laravel\\node_modules\\@radix-ui\\react-focus-guards'
53 silly reify ]
54 silly reify mark retired [
54 silly reify   'C:\\Belajar\\react-laravel\\node_modules\\@radix-ui\\react-focus-scope'
54 silly reify ]
55 silly reify mark retired [ 'C:\\Belajar\\react-laravel\\node_modules\\@radix-ui\\react-menu' ]
56 silly reify mark retired [ 'C:\\Belajar\\react-laravel\\node_modules\\@radix-ui\\react-popper' ]
57 silly reify mark retired [ 'C:\\Belajar\\react-laravel\\node_modules\\@radix-ui\\react-portal' ]
58 silly reify mark retired [
58 silly reify   'C:\\Belajar\\react-laravel\\node_modules\\@radix-ui\\react-roving-focus'
58 silly reify ]
59 silly reify mark retired [ 'C:\\Belajar\\react-laravel\\node_modules\\@radix-ui\\react-select' ]
60 silly reify mark retired [
60 silly reify   'C:\\Belajar\\react-laravel\\node_modules\\@radix-ui\\react-separator'
60 silly reify ]
61 silly reify mark retired [ 'C:\\Belajar\\react-laravel\\node_modules\\@radix-ui\\react-tabs' ]
62 silly reify mark retired [ 'C:\\Belajar\\react-laravel\\node_modules\\@radix-ui\\react-toggle' ]
63 silly reify mark retired [
63 silly reify   'C:\\Belajar\\react-laravel\\node_modules\\@radix-ui\\react-toggle-group'
63 silly reify ]
64 silly reify mark retired [
64 silly reify   'C:\\Belajar\\react-laravel\\node_modules\\@radix-ui\\react-tooltip'
64 silly reify ]
65 silly reify mark retired [
65 silly reify   'C:\\Belajar\\react-laravel\\node_modules\\@radix-ui\\react-use-effect-event'
65 silly reify ]
66 silly reify mark retired [
66 silly reify   'C:\\Belajar\\react-laravel\\node_modules\\@radix-ui\\react-use-is-hydrated'
66 silly reify ]
67 silly reify mark retired [
67 silly reify   'C:\\Belajar\\react-laravel\\node_modules\\@radix-ui\\react-use-rect'
67 silly reify ]
68 silly reify mark retired [
68 silly reify   'C:\\Belajar\\react-laravel\\node_modules\\@radix-ui\\react-use-size'
68 silly reify ]
69 silly reify mark retired [ 'C:\\Belajar\\react-laravel\\node_modules\\@radix-ui\\rect' ]
70 silly reify mark retired [ 'C:\\Belajar\\react-laravel\\node_modules\\@tabler\\icons' ]
71 silly reify mark retired [ 'C:\\Belajar\\react-laravel\\node_modules\\@tabler\\icons-react' ]
72 silly reify mark retired [ 'C:\\Belajar\\react-laravel\\node_modules\\@tanstack\\react-table' ]
73 silly reify mark retired [ 'C:\\Belajar\\react-laravel\\node_modules\\@tanstack\\table-core' ]
74 silly reify mark retired [ 'C:\\Belajar\\react-laravel\\node_modules\\@types\\d3-array' ]
75 silly reify mark retired [ 'C:\\Belajar\\react-laravel\\node_modules\\@types\\d3-color' ]
76 silly reify mark retired [ 'C:\\Belajar\\react-laravel\\node_modules\\@types\\d3-ease' ]
77 silly reify mark retired [ 'C:\\Belajar\\react-laravel\\node_modules\\@types\\d3-interpolate' ]
78 silly reify mark retired [ 'C:\\Belajar\\react-laravel\\node_modules\\@types\\d3-path' ]
79 silly reify mark retired [ 'C:\\Belajar\\react-laravel\\node_modules\\@types\\d3-scale' ]
80 silly reify mark retired [ 'C:\\Belajar\\react-laravel\\node_modules\\@types\\d3-shape' ]
81 silly reify mark retired [ 'C:\\Belajar\\react-laravel\\node_modules\\@types\\d3-time' ]
82 silly reify mark retired [ 'C:\\Belajar\\react-laravel\\node_modules\\@types\\d3-timer' ]
83 silly reify mark retired [ 'C:\\Belajar\\react-laravel\\node_modules\\d3-array' ]
84 silly reify mark retired [ 'C:\\Belajar\\react-laravel\\node_modules\\d3-color' ]
85 silly reify mark retired [ 'C:\\Belajar\\react-laravel\\node_modules\\d3-ease' ]
86 silly reify mark retired [ 'C:\\Belajar\\react-laravel\\node_modules\\d3-format' ]
87 silly reify mark retired [ 'C:\\Belajar\\react-laravel\\node_modules\\d3-interpolate' ]
88 silly reify mark retired [ 'C:\\Belajar\\react-laravel\\node_modules\\d3-path' ]
89 silly reify mark retired [ 'C:\\Belajar\\react-laravel\\node_modules\\d3-scale' ]
90 silly reify mark retired [ 'C:\\Belajar\\react-laravel\\node_modules\\d3-shape' ]
91 silly reify mark retired [ 'C:\\Belajar\\react-laravel\\node_modules\\d3-time' ]
92 silly reify mark retired [ 'C:\\Belajar\\react-laravel\\node_modules\\d3-time-format' ]
93 silly reify mark retired [ 'C:\\Belajar\\react-laravel\\node_modules\\d3-timer' ]
94 silly reify mark retired [ 'C:\\Belajar\\react-laravel\\node_modules\\decimal.js-light' ]
95 silly reify mark retired [ 'C:\\Belajar\\react-laravel\\node_modules\\dom-helpers' ]
96 silly reify mark retired [ 'C:\\Belajar\\react-laravel\\node_modules\\eventemitter3' ]
97 silly reify mark retired [ 'C:\\Belajar\\react-laravel\\node_modules\\fast-equals' ]
98 silly reify mark retired [ 'C:\\Belajar\\react-laravel\\node_modules\\internmap' ]
99 silly reify mark retired [ 'C:\\Belajar\\react-laravel\\node_modules\\next-themes' ]
100 silly reify mark retired [ 'C:\\Belajar\\react-laravel\\node_modules\\react-smooth' ]
101 silly reify mark retired [ 'C:\\Belajar\\react-laravel\\node_modules\\react-transition-group' ]
102 silly reify mark retired [ 'C:\\Belajar\\react-laravel\\node_modules\\recharts' ]
103 silly reify mark retired [ 'C:\\Belajar\\react-laravel\\node_modules\\recharts-scale' ]
104 silly reify mark retired [ 'C:\\Belajar\\react-laravel\\node_modules\\sonner' ]
105 silly reify mark retired [ 'C:\\Belajar\\react-laravel\\node_modules\\tiny-invariant' ]
106 silly reify mark retired [ 'C:\\Belajar\\react-laravel\\node_modules\\use-sync-external-store' ]
107 silly reify mark retired [ 'C:\\Belajar\\react-laravel\\node_modules\\vaul' ]
108 silly reify mark retired [ 'C:\\Belajar\\react-laravel\\node_modules\\victory-vendor' ]
109 silly reify mark retired [ 'C:\\Belajar\\react-laravel\\node_modules\\zod' ]
110 silly reify moves {
110 silly reify   'C:\\Belajar\\react-laravel\\node_modules\\@babel\\runtime': 'C:\\Belajar\\react-laravel\\node_modules\\@babel\\.runtime-BMzx1Snv',
110 silly reify   'C:\\Belajar\\react-laravel\\node_modules\\@dnd-kit\\accessibility': 'C:\\Belajar\\react-laravel\\node_modules\\@dnd-kit\\.accessibility-rCsN9hk9',
110 silly reify   'C:\\Belajar\\react-laravel\\node_modules\\@dnd-kit\\core': 'C:\\Belajar\\react-laravel\\node_modules\\@dnd-kit\\.core-AQZZ1vrV',
110 silly reify   'C:\\Belajar\\react-laravel\\node_modules\\@dnd-kit\\modifiers': 'C:\\Belajar\\react-laravel\\node_modules\\@dnd-kit\\.modifiers-Co4b6c9T',
110 silly reify   'C:\\Belajar\\react-laravel\\node_modules\\@dnd-kit\\sortable': 'C:\\Belajar\\react-laravel\\node_modules\\@dnd-kit\\.sortable-sSp9YGkm',
110 silly reify   'C:\\Belajar\\react-laravel\\node_modules\\@dnd-kit\\utilities': 'C:\\Belajar\\react-laravel\\node_modules\\@dnd-kit\\.utilities-zVXLXRqB',
110 silly reify   'C:\\Belajar\\react-laravel\\node_modules\\@radix-ui\\number': 'C:\\Belajar\\react-laravel\\node_modules\\@radix-ui\\.number-IzjIVi2D',
110 silly reify   'C:\\Belajar\\react-laravel\\node_modules\\@radix-ui\\react-arrow': 'C:\\Belajar\\react-laravel\\node_modules\\@radix-ui\\.react-arrow-1UeQqUHf',
110 silly reify   'C:\\Belajar\\react-laravel\\node_modules\\@radix-ui\\react-avatar': 'C:\\Belajar\\react-laravel\\node_modules\\@radix-ui\\.react-avatar-PTbrcfDq',
110 silly reify   'C:\\Belajar\\react-laravel\\node_modules\\@radix-ui\\react-checkbox': 'C:\\Belajar\\react-laravel\\node_modules\\@radix-ui\\.react-checkbox-06WQ37o6',
110 silly reify   'C:\\Belajar\\react-laravel\\node_modules\\@radix-ui\\react-dialog': 'C:\\Belajar\\react-laravel\\node_modules\\@radix-ui\\.react-dialog-mr6Edrfm',
110 silly reify   'C:\\Belajar\\react-laravel\\node_modules\\@radix-ui\\react-dropdown-menu': 'C:\\Belajar\\react-laravel\\node_modules\\@radix-ui\\.react-dropdown-menu-WjCie0ol',
110 silly reify   'C:\\Belajar\\react-laravel\\node_modules\\@radix-ui\\react-focus-guards': 'C:\\Belajar\\react-laravel\\node_modules\\@radix-ui\\.react-focus-guards-F1ziymXl',
110 silly reify   'C:\\Belajar\\react-laravel\\node_modules\\@radix-ui\\react-focus-scope': 'C:\\Belajar\\react-laravel\\node_modules\\@radix-ui\\.react-focus-scope-5ZYNe2AT',
110 silly reify   'C:\\Belajar\\react-laravel\\node_modules\\@radix-ui\\react-menu': 'C:\\Belajar\\react-laravel\\node_modules\\@radix-ui\\.react-menu-33Nwd31R',
110 silly reify   'C:\\Belajar\\react-laravel\\node_modules\\@radix-ui\\react-popper': 'C:\\Belajar\\react-laravel\\node_modules\\@radix-ui\\.react-popper-LYMXCZOT',
110 silly reify   'C:\\Belajar\\react-laravel\\node_modules\\@radix-ui\\react-portal': 'C:\\Belajar\\react-laravel\\node_modules\\@radix-ui\\.react-portal-3NWbuqNl',
110 silly reify   'C:\\Belajar\\react-laravel\\node_modules\\@radix-ui\\react-roving-focus': 'C:\\Belajar\\react-laravel\\node_modules\\@radix-ui\\.react-roving-focus-VCnC6X7w',
110 silly reify   'C:\\Belajar\\react-laravel\\node_modules\\@radix-ui\\react-select': 'C:\\Belajar\\react-laravel\\node_modules\\@radix-ui\\.react-select-XxII1p5N',
110 silly reify   'C:\\Belajar\\react-laravel\\node_modules\\@radix-ui\\react-separator': 'C:\\Belajar\\react-laravel\\node_modules\\@radix-ui\\.react-separator-UI9uqoRq',
110 silly reify   'C:\\Belajar\\react-laravel\\node_modules\\@radix-ui\\react-tabs': 'C:\\Belajar\\react-laravel\\node_modules\\@radix-ui\\.react-tabs-ZeW9x6in',
110 silly reify   'C:\\Belajar\\react-laravel\\node_modules\\@radix-ui\\react-toggle': 'C:\\Belajar\\react-laravel\\node_modules\\@radix-ui\\.react-toggle-3UFwqCbN',
110 silly reify   'C:\\Belajar\\react-laravel\\node_modules\\@radix-ui\\react-toggle-group': 'C:\\Belajar\\react-laravel\\node_modules\\@radix-ui\\.react-toggle-group-t1ZiKrsR',
110 silly reify   'C:\\Belajar\\react-laravel\\node_modules\\@radix-ui\\react-tooltip': 'C:\\Belajar\\react-laravel\\node_modules\\@radix-ui\\.react-tooltip-reBdeBtM',
110 silly reify   'C:\\Belajar\\react-laravel\\node_modules\\@radix-ui\\react-use-effect-event': 'C:\\Belajar\\react-laravel\\node_modules\\@radix-ui\\.react-use-effect-event-jgy7vtGF',
110 silly reify   'C:\\Belajar\\react-laravel\\node_modules\\@radix-ui\\react-use-is-hydrated': 'C:\\Belajar\\react-laravel\\node_modules\\@radix-ui\\.react-use-is-hydrated-LNTqC6dX',
110 silly reify   'C:\\Belajar\\react-laravel\\node_modules\\@radix-ui\\react-use-rect': 'C:\\Belajar\\react-laravel\\node_modules\\@radix-ui\\.react-use-rect-u9JWsQnS',
110 silly reify   'C:\\Belajar\\react-laravel\\node_modules\\@radix-ui\\react-use-size': 'C:\\Belajar\\react-laravel\\node_modules\\@radix-ui\\.react-use-size-SIgFzL3B',
110 silly reify   'C:\\Belajar\\react-laravel\\node_modules\\@radix-ui\\rect': 'C:\\Belajar\\react-laravel\\node_modules\\@radix-ui\\.rect-wytixFgP',
110 silly reify   'C:\\Belajar\\react-laravel\\node_modules\\@tabler\\icons': 'C:\\Belajar\\react-laravel\\node_modules\\@tabler\\.icons-GwUKjapm',
110 silly reify   'C:\\Belajar\\react-laravel\\node_modules\\@tabler\\icons-react': 'C:\\Belajar\\react-laravel\\node_modules\\@tabler\\.icons-react-7wA6qHsW',
110 silly reify   'C:\\Belajar\\react-laravel\\node_modules\\@tanstack\\react-table': 'C:\\Belajar\\react-laravel\\node_modules\\@tanstack\\.react-table-XJv61C0E',
110 silly reify   'C:\\Belajar\\react-laravel\\node_modules\\@tanstack\\table-core': 'C:\\Belajar\\react-laravel\\node_modules\\@tanstack\\.table-core-FHWJWCiu',
110 silly reify   'C:\\Belajar\\react-laravel\\node_modules\\@types\\d3-array': 'C:\\Belajar\\react-laravel\\node_modules\\@types\\.d3-array-ZyAruunf',
110 silly reify   'C:\\Belajar\\react-laravel\\node_modules\\@types\\d3-color': 'C:\\Belajar\\react-laravel\\node_modules\\@types\\.d3-color-Cx2Uh6xb',
110 silly reify   'C:\\Belajar\\react-laravel\\node_modules\\@types\\d3-ease': 'C:\\Belajar\\react-laravel\\node_modules\\@types\\.d3-ease-UxKJqs63',
110 silly reify   'C:\\Belajar\\react-laravel\\node_modules\\@types\\d3-interpolate': 'C:\\Belajar\\react-laravel\\node_modules\\@types\\.d3-interpolate-FuUmoHDG',
110 silly reify   'C:\\Belajar\\react-laravel\\node_modules\\@types\\d3-path': 'C:\\Belajar\\react-laravel\\node_modules\\@types\\.d3-path-kOlkkMJw',
110 silly reify   'C:\\Belajar\\react-laravel\\node_modules\\@types\\d3-scale': 'C:\\Belajar\\react-laravel\\node_modules\\@types\\.d3-scale-oWRDxvD5',
110 silly reify   'C:\\Belajar\\react-laravel\\node_modules\\@types\\d3-shape': 'C:\\Belajar\\react-laravel\\node_modules\\@types\\.d3-shape-0R8myHZx',
110 silly reify   'C:\\Belajar\\react-laravel\\node_modules\\@types\\d3-time': 'C:\\Belajar\\react-laravel\\node_modules\\@types\\.d3-time-M2pxDiVy',
110 silly reify   'C:\\Belajar\\react-laravel\\node_modules\\@types\\d3-timer': 'C:\\Belajar\\react-laravel\\node_modules\\@types\\.d3-timer-rSFxkA1b',
110 silly reify   'C:\\Belajar\\react-laravel\\node_modules\\d3-array': 'C:\\Belajar\\react-laravel\\node_modules\\.d3-array-6bYKDGPu',
110 silly reify   'C:\\Belajar\\react-laravel\\node_modules\\d3-color': 'C:\\Belajar\\react-laravel\\node_modules\\.d3-color-aPrkr0Hb',
110 silly reify   'C:\\Belajar\\react-laravel\\node_modules\\d3-ease': 'C:\\Belajar\\react-laravel\\node_modules\\.d3-ease-dwuztKD7',
110 silly reify   'C:\\Belajar\\react-laravel\\node_modules\\d3-format': 'C:\\Belajar\\react-laravel\\node_modules\\.d3-format-0FNGa6db',
110 silly reify   'C:\\Belajar\\react-laravel\\node_modules\\d3-interpolate': 'C:\\Belajar\\react-laravel\\node_modules\\.d3-interpolate-cY8F7AD2',
110 silly reify   'C:\\Belajar\\react-laravel\\node_modules\\d3-path': 'C:\\Belajar\\react-laravel\\node_modules\\.d3-path-ATPsOmRp',
110 silly reify   'C:\\Belajar\\react-laravel\\node_modules\\d3-scale': 'C:\\Belajar\\react-laravel\\node_modules\\.d3-scale-x89nJ94S',
110 silly reify   'C:\\Belajar\\react-laravel\\node_modules\\d3-shape': 'C:\\Belajar\\react-laravel\\node_modules\\.d3-shape-QLZg7dpJ',
110 silly reify   'C:\\Belajar\\react-laravel\\node_modules\\d3-time': 'C:\\Belajar\\react-laravel\\node_modules\\.d3-time-fAa8j0Nc',
110 silly reify   'C:\\Belajar\\react-laravel\\node_modules\\d3-time-format': 'C:\\Belajar\\react-laravel\\node_modules\\.d3-time-format-FpxI34K6',
110 silly reify   'C:\\Belajar\\react-laravel\\node_modules\\d3-timer': 'C:\\Belajar\\react-laravel\\node_modules\\.d3-timer-N1cqOIHE',
110 silly reify   'C:\\Belajar\\react-laravel\\node_modules\\decimal.js-light': 'C:\\Belajar\\react-laravel\\node_modules\\.decimal.js-light-Qf05pX1Q',
110 silly reify   'C:\\Belajar\\react-laravel\\node_modules\\dom-helpers': 'C:\\Belajar\\react-laravel\\node_modules\\.dom-helpers-WCQlozYj',
110 silly reify   'C:\\Belajar\\react-laravel\\node_modules\\eventemitter3': 'C:\\Belajar\\react-laravel\\node_modules\\.eventemitter3-79fziPsW',
110 silly reify   'C:\\Belajar\\react-laravel\\node_modules\\fast-equals': 'C:\\Belajar\\react-laravel\\node_modules\\.fast-equals-IDEtGIcV',
110 silly reify   'C:\\Belajar\\react-laravel\\node_modules\\internmap': 'C:\\Belajar\\react-laravel\\node_modules\\.internmap-Fnz187Cz',
110 silly reify   'C:\\Belajar\\react-laravel\\node_modules\\next-themes': 'C:\\Belajar\\react-laravel\\node_modules\\.next-themes-nKkgu7JI',
110 silly reify   'C:\\Belajar\\react-laravel\\node_modules\\react-smooth': 'C:\\Belajar\\react-laravel\\node_modules\\.react-smooth-v01UJgl9',
110 silly reify   'C:\\Belajar\\react-laravel\\node_modules\\react-transition-group': 'C:\\Belajar\\react-laravel\\node_modules\\.react-transition-group-vcrq8nd4',
110 silly reify   'C:\\Belajar\\react-laravel\\node_modules\\recharts': 'C:\\Belajar\\react-laravel\\node_modules\\.recharts-wGLxgDOV',
110 silly reify   'C:\\Belajar\\react-laravel\\node_modules\\recharts-scale': 'C:\\Belajar\\react-laravel\\node_modules\\.recharts-scale-Hy7IIM6Y',
110 silly reify   'C:\\Belajar\\react-laravel\\node_modules\\sonner': 'C:\\Belajar\\react-laravel\\node_modules\\.sonner-XeIF4SPG',
110 silly reify   'C:\\Belajar\\react-laravel\\node_modules\\tiny-invariant': 'C:\\Belajar\\react-laravel\\node_modules\\.tiny-invariant-2LtouPLn',
110 silly reify   'C:\\Belajar\\react-laravel\\node_modules\\use-sync-external-store': 'C:\\Belajar\\react-laravel\\node_modules\\.use-sync-external-store-Xwsc3pot',
110 silly reify   'C:\\Belajar\\react-laravel\\node_modules\\vaul': 'C:\\Belajar\\react-laravel\\node_modules\\.vaul-NymEew5Q',
110 silly reify   'C:\\Belajar\\react-laravel\\node_modules\\victory-vendor': 'C:\\Belajar\\react-laravel\\node_modules\\.victory-vendor-tO2g8quZ',
110 silly reify   'C:\\Belajar\\react-laravel\\node_modules\\zod': 'C:\\Belajar\\react-laravel\\node_modules\\.zod-gwwvGZTx'
110 silly reify }
111 silly audit bulk request {
111 silly audit   '@ampproject/remapping': [ '2.3.0' ],
111 silly audit   '@babel/code-frame': [ '7.26.2' ],
111 silly audit   '@babel/compat-data': [ '7.26.8' ],
111 silly audit   '@babel/core': [ '7.26.9' ],
111 silly audit   '@babel/generator': [ '7.26.9' ],
111 silly audit   '@babel/helper-compilation-targets': [ '7.26.5' ],
111 silly audit   '@babel/helper-module-imports': [ '7.25.9' ],
111 silly audit   '@babel/helper-module-transforms': [ '7.26.0' ],
111 silly audit   '@babel/helper-plugin-utils': [ '7.26.5' ],
111 silly audit   '@babel/helper-string-parser': [ '7.25.9' ],
111 silly audit   '@babel/helper-validator-identifier': [ '7.25.9' ],
111 silly audit   '@babel/helper-validator-option': [ '7.25.9' ],
111 silly audit   '@babel/helpers': [ '7.26.9' ],
111 silly audit   '@babel/parser': [ '7.26.9' ],
111 silly audit   '@babel/plugin-transform-react-jsx-self': [ '7.25.9' ],
111 silly audit   '@babel/plugin-transform-react-jsx-source': [ '7.25.9' ],
111 silly audit   '@babel/template': [ '7.26.9' ],
111 silly audit   '@babel/traverse': [ '7.26.9' ],
111 silly audit   globals: [ '11.12.0', '14.0.0', '15.15.0' ],
111 silly audit   '@babel/types': [ '7.26.9' ],
111 silly audit   '@esbuild/aix-ppc64': [ '0.25.0' ],
111 silly audit   '@esbuild/android-arm': [ '0.25.0' ],
111 silly audit   '@esbuild/android-arm64': [ '0.25.0' ],
111 silly audit   '@esbuild/android-x64': [ '0.25.0' ],
111 silly audit   '@esbuild/darwin-arm64': [ '0.25.0' ],
111 silly audit   '@esbuild/darwin-x64': [ '0.25.0' ],
111 silly audit   '@esbuild/freebsd-arm64': [ '0.25.0' ],
111 silly audit   '@esbuild/freebsd-x64': [ '0.25.0' ],
111 silly audit   '@esbuild/linux-arm': [ '0.25.0' ],
111 silly audit   '@esbuild/linux-arm64': [ '0.25.0' ],
111 silly audit   '@esbuild/linux-ia32': [ '0.25.0' ],
111 silly audit   '@esbuild/linux-loong64': [ '0.25.0' ],
111 silly audit   '@esbuild/linux-mips64el': [ '0.25.0' ],
111 silly audit   '@esbuild/linux-ppc64': [ '0.25.0' ],
111 silly audit   '@esbuild/linux-riscv64': [ '0.25.0' ],
111 silly audit   '@esbuild/linux-s390x': [ '0.25.0' ],
111 silly audit   '@esbuild/linux-x64': [ '0.25.0' ],
111 silly audit   '@esbuild/netbsd-arm64': [ '0.25.0' ],
111 silly audit   '@esbuild/netbsd-x64': [ '0.25.0' ],
111 silly audit   '@esbuild/openbsd-arm64': [ '0.25.0' ],
111 silly audit   '@esbuild/openbsd-x64': [ '0.25.0' ],
111 silly audit   '@esbuild/sunos-x64': [ '0.25.0' ],
111 silly audit   '@esbuild/win32-arm64': [ '0.25.0' ],
111 silly audit   '@esbuild/win32-ia32': [ '0.25.0' ],
111 silly audit   '@esbuild/win32-x64': [ '0.25.0' ],
111 silly audit   '@eslint-community/eslint-utils': [ '4.4.1' ],
111 silly audit   'eslint-visitor-keys': [ '3.4.3', '4.2.0' ],
111 silly audit   '@eslint-community/regexpp': [ '4.12.1' ],
111 silly audit   '@eslint/config-array': [ '0.19.2' ],
111 silly audit   '@eslint/core': [ '0.12.0' ],
111 silly audit   '@eslint/eslintrc': [ '3.3.0' ],
111 silly audit   '@eslint/js': [ '9.21.0' ],
111 silly audit   '@eslint/object-schema': [ '2.1.6' ],
111 silly audit   '@eslint/plugin-kit': [ '0.2.7' ],
111 silly audit   '@floating-ui/core': [ '1.6.9' ],
111 silly audit   '@floating-ui/dom': [ '1.6.13' ],
111 silly audit   '@floating-ui/react': [ '0.26.28' ],
111 silly audit   '@floating-ui/react-dom': [ '2.1.2' ],
111 silly audit   '@floating-ui/utils': [ '0.2.9' ],
111 silly audit   '@headlessui/react': [ '2.2.0' ],
111 silly audit   '@humanfs/core': [ '0.19.1' ],
111 silly audit   '@humanfs/node': [ '0.16.6' ],
111 silly audit   '@humanwhocodes/retry': [ '0.3.1', '0.4.2' ],
111 silly audit   '@humanwhocodes/module-importer': [ '1.0.1' ],
111 silly audit   '@inertiajs/core': [ '2.0.4' ],
111 silly audit   '@inertiajs/react': [ '2.0.4' ],
111 silly audit   '@jridgewell/gen-mapping': [ '0.3.8' ],
111 silly audit   '@jridgewell/resolve-uri': [ '3.1.2' ],
111 silly audit   '@jridgewell/set-array': [ '1.2.1' ],
111 silly audit   '@jridgewell/sourcemap-codec': [ '1.5.0' ],
111 silly audit   '@jridgewell/trace-mapping': [ '0.3.25' ],
111 silly audit   '@nodelib/fs.scandir': [ '2.1.5' ],
111 silly audit   '@nodelib/fs.stat': [ '2.0.5' ],
111 silly audit   '@nodelib/fs.walk': [ '1.2.8' ],
111 silly audit   '@radix-ui/number': [ '1.1.0' ],
111 silly audit   '@radix-ui/primitive': [ '1.1.1' ],
111 silly audit   '@radix-ui/react-arrow': [ '1.1.2' ],
111 silly audit   '@radix-ui/react-avatar': [ '1.1.3' ],
111 silly audit   '@radix-ui/react-checkbox': [ '1.1.4' ],
111 silly audit   '@radix-ui/react-collapsible': [ '1.1.3' ],
111 silly audit   '@radix-ui/react-collection': [ '1.1.2' ],
111 silly audit   '@radix-ui/react-slot': [ '1.1.2', '1.2.3' ],
111 silly audit   '@radix-ui/react-compose-refs': [ '1.1.1', '1.1.2' ],
111 silly audit   '@radix-ui/react-context': [ '1.1.1' ],
111 silly audit   '@radix-ui/react-dialog': [ '1.1.6' ],
111 silly audit   '@radix-ui/react-direction': [ '1.1.0' ],
111 silly audit   '@radix-ui/react-dismissable-layer': [ '1.1.5' ],
111 silly audit   '@radix-ui/react-dropdown-menu': [ '2.1.6' ],
111 silly audit   '@radix-ui/react-focus-guards': [ '1.1.1' ],
111 silly audit   '@radix-ui/react-focus-scope': [ '1.1.2' ],
111 silly audit   '@radix-ui/react-id': [ '1.1.0' ],
111 silly audit   '@radix-ui/react-label': [ '2.1.7' ],
111 silly audit   '@radix-ui/react-primitive': [ '2.1.3', '2.0.2' ],
111 silly audit   '@radix-ui/react-menu': [ '2.1.6' ],
111 silly audit   '@radix-ui/react-navigation-menu': [ '1.2.5' ],
111 silly audit   '@radix-ui/react-popper': [ '1.2.2' ],
111 silly audit   '@radix-ui/react-portal': [ '1.1.4' ],
111 silly audit   '@radix-ui/react-presence': [ '1.1.2' ],
111 silly audit   '@radix-ui/react-roving-focus': [ '1.1.2' ],
111 silly audit   '@radix-ui/react-select': [ '2.1.6' ],
111 silly audit   '@radix-ui/react-separator': [ '1.1.2' ],
111 silly audit   '@radix-ui/react-toggle': [ '1.1.2' ],
111 silly audit   '@radix-ui/react-toggle-group': [ '1.1.2' ],
111 silly audit   '@radix-ui/react-tooltip': [ '1.1.8' ],
111 silly audit   '@radix-ui/react-use-callback-ref': [ '1.1.0' ],
111 silly audit   '@radix-ui/react-use-controllable-state': [ '1.1.0' ],
111 silly audit   '@radix-ui/react-use-escape-keydown': [ '1.1.0' ],
111 silly audit   '@radix-ui/react-use-layout-effect': [ '1.1.0' ],
111 silly audit   '@radix-ui/react-use-previous': [ '1.1.0' ],
111 silly audit   '@radix-ui/react-use-rect': [ '1.1.0' ],
111 silly audit   '@radix-ui/react-use-size': [ '1.1.0' ],
111 silly audit   '@radix-ui/react-visually-hidden': [ '1.1.2' ],
111 silly audit   '@radix-ui/rect': [ '1.1.0' ],
111 silly audit   '@react-aria/focus': [ '3.19.1' ],
111 silly audit   '@react-aria/interactions': [ '3.23.0' ],
111 silly audit   '@react-aria/ssr': [ '3.9.7' ],
111 silly audit   '@react-aria/utils': [ '3.27.0' ],
111 silly audit   '@react-stately/utils': [ '3.10.5' ],
111 silly audit   '@react-types/shared': [ '3.27.0' ],
111 silly audit   '@rollup/rollup-android-arm-eabi': [ '4.34.9' ],
111 silly audit   '@rollup/rollup-android-arm64': [ '4.34.9' ],
111 silly audit   '@rollup/rollup-darwin-arm64': [ '4.34.9' ],
111 silly audit   '@rollup/rollup-darwin-x64': [ '4.34.9' ],
111 silly audit   '@rollup/rollup-freebsd-arm64': [ '4.34.9' ],
111 silly audit   '@rollup/rollup-freebsd-x64': [ '4.34.9' ],
111 silly audit   '@rollup/rollup-linux-arm-gnueabihf': [ '4.34.9' ],
111 silly audit   '@rollup/rollup-linux-arm-musleabihf': [ '4.34.9' ],
111 silly audit   '@rollup/rollup-linux-arm64-gnu': [ '4.34.9' ],
111 silly audit   '@rollup/rollup-linux-arm64-musl': [ '4.34.9' ],
111 silly audit   '@rollup/rollup-linux-loongarch64-gnu': [ '4.34.9' ],
111 silly audit   '@rollup/rollup-linux-powerpc64le-gnu': [ '4.34.9' ],
111 silly audit   '@rollup/rollup-linux-riscv64-gnu': [ '4.34.9' ],
111 silly audit   '@rollup/rollup-linux-s390x-gnu': [ '4.34.9' ],
111 silly audit   '@rollup/rollup-linux-x64-gnu': [ '4.9.5', '4.34.9' ],
111 silly audit   '@rollup/rollup-linux-x64-musl': [ '4.34.9' ],
111 silly audit   '@rollup/rollup-win32-arm64-msvc': [ '4.34.9' ],
111 silly audit   '@rollup/rollup-win32-ia32-msvc': [ '4.34.9' ],
111 silly audit   '@rollup/rollup-win32-x64-msvc': [ '4.34.9' ],
111 silly audit   '@swc/helpers': [ '0.5.15' ],
111 silly audit   '@tailwindcss/node': [ '4.0.10' ],
111 silly audit   '@tailwindcss/oxide': [ '4.0.10' ],
111 silly audit   '@tailwindcss/oxide-android-arm64': [ '4.0.10' ],
111 silly audit   '@tailwindcss/oxide-darwin-arm64': [ '4.0.10' ],
111 silly audit   '@tailwindcss/oxide-darwin-x64': [ '4.0.10' ],
111 silly audit   '@tailwindcss/oxide-freebsd-x64': [ '4.0.10' ],
111 silly audit   '@tailwindcss/oxide-linux-arm-gnueabihf': [ '4.0.10' ],
111 silly audit   '@tailwindcss/oxide-linux-arm64-gnu': [ '4.0.10' ],
111 silly audit   '@tailwindcss/oxide-linux-arm64-musl': [ '4.0.10' ],
111 silly audit   '@tailwindcss/oxide-linux-x64-gnu': [ '4.0.10' ],
111 silly audit   '@tailwindcss/oxide-linux-x64-musl': [ '4.0.10' ],
111 silly audit   '@tailwindcss/oxide-win32-arm64-msvc': [ '4.0.10' ],
111 silly audit   '@tailwindcss/oxide-win32-x64-msvc': [ '4.0.10' ],
111 silly audit   '@tailwindcss/vite': [ '4.0.10' ],
111 silly audit   '@tanstack/react-virtual': [ '3.13.2' ],
111 silly audit   '@tanstack/virtual-core': [ '3.13.2' ],
111 silly audit   '@types/babel__core': [ '7.20.5' ],
111 silly audit   '@types/babel__generator': [ '7.6.8' ],
111 silly audit   '@types/babel__template': [ '7.4.4' ],
111 silly audit   '@types/babel__traverse': [ '7.20.6' ],
111 silly audit   '@types/estree': [ '1.0.6' ],
111 silly audit   '@types/json-schema': [ '7.0.15' ],
111 silly audit   '@types/node': [ '22.13.9' ],
111 silly audit   '@types/react': [ '19.0.10' ],
111 silly audit   '@types/react-dom': [ '19.0.4' ],
111 silly audit   '@typescript-eslint/eslint-plugin': [ '8.26.0' ],
111 silly audit   '@typescript-eslint/parser': [ '8.26.0' ],
111 silly audit   '@typescript-eslint/scope-manager': [ '8.26.0' ],
111 silly audit   '@typescript-eslint/type-utils': [ '8.26.0' ],
111 silly audit   '@typescript-eslint/types': [ '8.26.0' ],
111 silly audit   '@typescript-eslint/typescript-estree': [ '8.26.0' ],
111 silly audit   'brace-expansion': [ '2.0.1', '1.1.11' ],
111 silly audit   minimatch: [ '9.0.5', '3.1.2' ],
111 silly audit   semver: [ '7.7.1', '6.3.1' ],
111 silly audit   '@typescript-eslint/utils': [ '8.26.0' ],
111 silly audit   '@typescript-eslint/visitor-keys': [ '8.26.0' ],
111 silly audit   '@vitejs/plugin-react': [ '4.3.4' ],
111 silly audit   acorn: [ '8.14.1' ],
111 silly audit   'acorn-jsx': [ '5.3.2' ],
111 silly audit   ajv: [ '6.12.6' ],
111 silly audit   'ansi-regex': [ '5.0.1' ],
111 silly audit   'ansi-styles': [ '4.3.0' ],
111 silly audit   argparse: [ '2.0.1' ],
111 silly audit   'aria-hidden': [ '1.2.4' ],
111 silly audit   'array-buffer-byte-length': [ '1.0.2' ],
111 silly audit   'array-includes': [ '3.1.8' ],
111 silly audit   'array.prototype.findlast': [ '1.2.5' ],
111 silly audit   'array.prototype.flat': [ '1.3.3' ],
111 silly audit   'array.prototype.flatmap': [ '1.3.3' ],
111 silly audit   'array.prototype.tosorted': [ '1.1.4' ],
111 silly audit   'arraybuffer.prototype.slice': [ '1.0.4' ],
111 silly audit   'async-function': [ '1.0.0' ],
111 silly audit   asynckit: [ '0.4.0' ],
111 silly audit   'available-typed-arrays': [ '1.0.7' ],
111 silly audit   axios: [ '1.8.1' ],
111 silly audit   'balanced-match': [ '1.0.2' ],
111 silly audit   braces: [ '3.0.3' ],
111 silly audit   browserslist: [ '4.24.4' ],
111 silly audit   'call-bind': [ '1.0.8' ],
111 silly audit   'call-bind-apply-helpers': [ '1.0.2' ],
111 silly audit   'call-bound': [ '1.0.4' ],
111 silly audit   callsites: [ '3.1.0' ],
111 silly audit   'caniuse-lite': [ '1.0.30001702' ],
111 silly audit   chalk: [ '4.1.2' ],
111 silly audit   'supports-color': [ '7.2.0', '8.1.1' ],
111 silly audit   'class-variance-authority': [ '0.7.1' ],
111 silly audit   cliui: [ '8.0.1' ],
111 silly audit   clsx: [ '2.1.1' ],
111 silly audit   'color-convert': [ '2.0.1' ],
111 silly audit   'color-name': [ '1.1.4' ],
111 silly audit   'combined-stream': [ '1.0.8' ],
111 silly audit   'concat-map': [ '0.0.1' ],
111 silly audit   concurrently: [ '9.1.2' ],
111 silly audit   'convert-source-map': [ '2.0.0' ],
111 silly audit   'cross-spawn': [ '7.0.6' ],
111 silly audit   csstype: [ '3.1.3' ],
111 silly audit   'data-view-buffer': [ '1.0.2' ],
111 silly audit   'data-view-byte-length': [ '1.0.2' ],
111 silly audit   'data-view-byte-offset': [ '1.0.1' ],
111 silly audit   debug: [ '4.4.0' ],
111 silly audit   'deep-is': [ '0.1.4' ],
111 silly audit   deepmerge: [ '4.3.1' ],
111 silly audit   'define-data-property': [ '1.1.4' ],
111 silly audit   'define-properties': [ '1.2.1' ],
111 silly audit   'delayed-stream': [ '1.0.0' ],
111 silly audit   'detect-libc': [ '1.0.3' ],
111 silly audit   'detect-node-es': [ '1.1.0' ],
111 silly audit   doctrine: [ '2.1.0' ],
111 silly audit   'dunder-proto': [ '1.0.1' ],
111 silly audit   'electron-to-chromium': [ '1.5.112' ],
111 silly audit   'emoji-regex': [ '8.0.0' ],
111 silly audit   'enhanced-resolve': [ '5.18.1' ],
111 silly audit   'es-abstract': [ '1.23.9' ],
111 silly audit   'es-define-property': [ '1.0.1' ],
111 silly audit   'es-errors': [ '1.3.0' ],
111 silly audit   'es-iterator-helpers': [ '1.2.1' ],
111 silly audit   'es-object-atoms': [ '1.1.1' ],
111 silly audit   'es-set-tostringtag': [ '2.1.0' ],
111 silly audit   'es-shim-unscopables': [ '1.1.0' ],
111 silly audit   'es-to-primitive': [ '1.3.0' ],
111 silly audit   esbuild: [ '0.25.0' ],
111 silly audit   escalade: [ '3.2.0' ],
111 silly audit   'escape-string-regexp': [ '4.0.0' ],
111 silly audit   eslint: [ '9.21.0' ],
111 silly audit   'eslint-config-prettier': [ '10.0.2' ],
111 silly audit   'eslint-plugin-react': [ '7.37.4' ],
111 silly audit   'eslint-plugin-react-hooks': [ '5.2.0' ],
111 silly audit   'eslint-scope': [ '8.2.0' ],
111 silly audit   espree: [ '10.3.0' ],
111 silly audit   esquery: [ '1.6.0' ],
111 silly audit   esrecurse: [ '4.3.0' ],
111 silly audit   estraverse: [ '5.3.0' ],
111 silly audit   esutils: [ '2.0.3' ],
111 silly audit   'fast-deep-equal': [ '3.1.3' ],
111 silly audit   'fast-glob': [ '3.3.3' ],
111 silly audit   'glob-parent': [ '5.1.2', '6.0.2' ],
111 silly audit   'fast-json-stable-stringify': [ '2.1.0' ],
111 silly audit   'fast-levenshtein': [ '2.0.6' ],
111 silly audit   fastq: [ '1.19.1' ],
111 silly audit   'file-entry-cache': [ '8.0.0' ],
111 silly audit   'fill-range': [ '7.1.1' ],
111 silly audit   'find-up': [ '5.0.0' ],
111 silly audit   'flat-cache': [ '4.0.1' ],
111 silly audit   flatted: [ '3.3.3' ],
111 silly audit   'follow-redirects': [ '1.15.9' ],
111 silly audit   'for-each': [ '0.3.5' ],
111 silly audit   'form-data': [ '4.0.2' ],
111 silly audit   fsevents: [ '2.3.3' ],
111 silly audit   'function-bind': [ '1.1.2' ],
111 silly audit   'function.prototype.name': [ '1.1.8' ],
111 silly audit   'functions-have-names': [ '1.2.3' ],
111 silly audit   gensync: [ '1.0.0-beta.2' ],
111 silly audit   'get-caller-file': [ '2.0.5' ],
111 silly audit   'get-intrinsic': [ '1.3.0' ],
111 silly audit   'get-nonce': [ '1.0.1' ],
111 silly audit   'get-proto': [ '1.0.1' ],
111 silly audit   'get-symbol-description': [ '1.1.0' ],
111 silly audit   globalthis: [ '1.0.4' ],
111 silly audit   gopd: [ '1.2.0' ],
111 silly audit   'graceful-fs': [ '4.2.11' ],
111 silly audit   graphemer: [ '1.4.0' ],
111 silly audit   'has-bigints': [ '1.1.0' ],
111 silly audit   'has-flag': [ '4.0.0' ],
111 silly audit   'has-property-descriptors': [ '1.0.2' ],
111 silly audit   'has-proto': [ '1.2.0' ],
111 silly audit   'has-symbols': [ '1.1.0' ],
111 silly audit   'has-tostringtag': [ '1.0.2' ],
111 silly audit   hasown: [ '2.0.2' ],
111 silly audit   ignore: [ '5.3.2' ],
111 silly audit   'import-fresh': [ '3.3.1' ],
111 silly audit   imurmurhash: [ '0.1.4' ],
111 silly audit   'internal-slot': [ '1.1.0' ],
111 silly audit   'is-array-buffer': [ '3.0.5' ],
111 silly audit   'is-async-function': [ '2.1.1' ],
111 silly audit   'is-bigint': [ '1.1.0' ],
111 silly audit   'is-boolean-object': [ '1.2.2' ],
111 silly audit   'is-callable': [ '1.2.7' ],
111 silly audit   'is-core-module': [ '2.16.1' ],
111 silly audit   'is-data-view': [ '1.0.2' ],
111 silly audit   'is-date-object': [ '1.1.0' ],
111 silly audit   'is-extglob': [ '2.1.1' ],
111 silly audit   'is-finalizationregistry': [ '1.1.1' ],
111 silly audit   'is-fullwidth-code-point': [ '3.0.0' ],
111 silly audit   'is-generator-function': [ '1.1.0' ],
111 silly audit   'is-glob': [ '4.0.3' ],
111 silly audit   'is-map': [ '2.0.3' ],
111 silly audit   'is-number': [ '7.0.0' ],
111 silly audit   'is-number-object': [ '1.1.1' ],
111 silly audit   'is-regex': [ '1.2.1' ],
111 silly audit   'is-set': [ '2.0.3' ],
111 silly audit   'is-shared-array-buffer': [ '1.0.4' ],
111 silly audit   'is-string': [ '1.1.1' ],
111 silly audit   'is-symbol': [ '1.1.1' ],
111 silly audit   'is-typed-array': [ '1.1.15' ],
111 silly audit   'is-weakmap': [ '2.0.2' ],
111 silly audit   'is-weakref': [ '1.1.1' ],
111 silly audit   'is-weakset': [ '2.0.4' ],
111 silly audit   isarray: [ '2.0.5' ],
111 silly audit   isexe: [ '2.0.0' ],
111 silly audit   'iterator.prototype': [ '1.1.5' ],
111 silly audit   jiti: [ '2.4.2' ],
111 silly audit   'js-tokens': [ '4.0.0' ],
111 silly audit   'js-yaml': [ '4.1.0' ],
111 silly audit   jsesc: [ '3.1.0' ],
111 silly audit   'json-buffer': [ '3.0.1' ],
111 silly audit   'json-schema-traverse': [ '0.4.1' ],
111 silly audit   'json-stable-stringify-without-jsonify': [ '1.0.1' ],
111 silly audit   json5: [ '2.2.3' ],
111 silly audit   'jsx-ast-utils': [ '3.3.5' ],
111 silly audit   keyv: [ '4.5.4' ],
111 silly audit   'laravel-vite-plugin': [ '1.2.0' ],
111 silly audit   levn: [ '0.4.1' ],
111 silly audit   lightningcss: [ '1.29.1' ],
111 silly audit   'lightningcss-darwin-arm64': [ '1.29.1' ],
111 silly audit   'lightningcss-darwin-x64': [ '1.29.1' ],
111 silly audit   'lightningcss-freebsd-x64': [ '1.29.1' ],
111 silly audit   'lightningcss-linux-arm-gnueabihf': [ '1.29.1' ],
111 silly audit   'lightningcss-linux-arm64-gnu': [ '1.29.1' ],
111 silly audit   'lightningcss-linux-arm64-musl': [ '1.29.1' ],
111 silly audit   'lightningcss-linux-x64-gnu': [ '1.29.1' ],
111 silly audit   'lightningcss-linux-x64-musl': [ '1.29.1' ],
111 silly audit   'lightningcss-win32-arm64-msvc': [ '1.29.1' ],
111 silly audit   'lightningcss-win32-x64-msvc': [ '1.29.1' ],
111 silly audit   'locate-path': [ '6.0.0' ],
111 silly audit   lodash: [ '4.17.21' ],
111 silly audit   'lodash.isequal': [ '4.5.0' ],
111 silly audit   'lodash.merge': [ '4.6.2' ],
111 silly audit   'loose-envify': [ '1.4.0' ],
111 silly audit   'lru-cache': [ '5.1.1' ],
111 silly audit   'lucide-react': [ '0.475.0' ],
111 silly audit   'math-intrinsics': [ '1.1.0' ],
111 silly audit   merge2: [ '1.4.1' ],
111 silly audit   micromatch: [ '4.0.8' ],
111 silly audit   'mime-db': [ '1.52.0' ],
111 silly audit   'mime-types': [ '2.1.35' ],
111 silly audit   ms: [ '2.1.3' ],
111 silly audit   nanoid: [ '3.3.8' ],
111 silly audit   'natural-compare': [ '1.4.0' ],
111 silly audit   'node-releases': [ '2.0.19' ],
111 silly audit   'object-assign': [ '4.1.1' ],
111 silly audit   'object-inspect': [ '1.13.4' ],
111 silly audit   'object-keys': [ '1.1.1' ],
111 silly audit   'object.assign': [ '4.1.7' ],
111 silly audit   'object.entries': [ '1.1.8' ],
111 silly audit   'object.fromentries': [ '2.0.8' ],
111 silly audit   'object.values': [ '1.2.1' ],
111 silly audit   optionator: [ '0.9.4' ],
111 silly audit   'own-keys': [ '1.0.1' ],
111 silly audit   'p-limit': [ '3.1.0' ],
111 silly audit   'p-locate': [ '5.0.0' ],
111 silly audit   'parent-module': [ '1.0.1' ],
111 silly audit   'path-exists': [ '4.0.0' ],
111 silly audit   'path-key': [ '3.1.1' ],
111 silly audit   'path-parse': [ '1.0.7' ],
111 silly audit   picocolors: [ '1.1.1' ],
111 silly audit   picomatch: [ '2.3.1' ],
111 silly audit   'possible-typed-array-names': [ '1.1.0' ],
111 silly audit   postcss: [ '8.5.3' ],
111 silly audit   'prelude-ls': [ '1.2.1' ],
111 silly audit   prettier: [ '3.5.3' ],
111 silly audit   'prettier-plugin-organize-imports': [ '4.1.0' ],
111 silly audit   'prettier-plugin-tailwindcss': [ '0.6.11' ],
111 silly audit   'prop-types': [ '15.8.1' ],
111 silly audit   'proxy-from-env': [ '1.1.0' ],
111 silly audit   punycode: [ '2.3.1' ],
111 silly audit   qs: [ '6.14.0' ],
111 silly audit   'queue-microtask': [ '1.2.3' ],
111 silly audit   react: [ '19.0.0' ],
111 silly audit   'react-dom': [ '19.0.0' ],
111 silly audit   'react-is': [ '16.13.1' ],
111 silly audit   'react-refresh': [ '0.14.2' ],
111 silly audit   'react-remove-scroll': [ '2.6.3' ],
111 silly audit   'react-remove-scroll-bar': [ '2.3.8' ],
111 silly audit   'react-style-singleton': [ '2.2.3' ],
111 silly audit   'reflect.getprototypeof': [ '1.0.10' ],
111 silly audit   'regexp.prototype.flags': [ '1.5.4' ],
111 silly audit   'require-directory': [ '2.1.1' ],
111 silly audit   resolve: [ '2.0.0-next.5' ],
111 silly audit   'resolve-from': [ '4.0.0' ],
111 silly audit   reusify: [ '1.1.0' ],
111 silly audit   rollup: [ '4.34.9' ],
111 silly audit   'run-parallel': [ '1.2.0' ],
111 silly audit   rxjs: [ '7.8.2' ],
111 silly audit   'safe-array-concat': [ '1.1.3' ],
111 silly audit   'safe-push-apply': [ '1.0.0' ],
111 silly audit   'safe-regex-test': [ '1.1.0' ],
111 silly audit   scheduler: [ '0.25.0' ],
111 silly audit   'set-function-length': [ '1.2.2' ],
111 silly audit   'set-function-name': [ '2.0.2' ],
111 silly audit   'set-proto': [ '1.0.0' ],
111 silly audit   'shebang-command': [ '2.0.0' ],
111 silly audit   'shebang-regex': [ '3.0.0' ],
111 silly audit   'shell-quote': [ '1.8.2' ],
111 silly audit   'side-channel': [ '1.1.0' ],
111 silly audit   'side-channel-list': [ '1.0.0' ],
111 silly audit   'side-channel-map': [ '1.0.1' ],
111 silly audit   'side-channel-weakmap': [ '1.0.2' ],
111 silly audit   'source-map-js': [ '1.2.1' ],
111 silly audit   'string-width': [ '4.2.3' ],
111 silly audit   'string.prototype.matchall': [ '4.0.12' ],
111 silly audit   'string.prototype.repeat': [ '1.0.0' ],
111 silly audit   'string.prototype.trim': [ '1.2.10' ],
111 silly audit   'string.prototype.trimend': [ '1.0.9' ],
111 silly audit   'string.prototype.trimstart': [ '1.0.8' ],
111 silly audit   'strip-ansi': [ '6.0.1' ],
111 silly audit   'strip-json-comments': [ '3.1.1' ],
111 silly audit   'supports-preserve-symlinks-flag': [ '1.0.0' ],
111 silly audit   tabbable: [ '6.2.0' ],
111 silly audit   'tailwind-merge': [ '3.0.2' ],
111 silly audit   tailwindcss: [ '4.0.10' ],
111 silly audit   'tailwindcss-animate': [ '1.0.7' ],
111 silly audit   tapable: [ '2.2.1' ],
111 silly audit   'to-regex-range': [ '5.0.1' ],
111 silly audit   'tree-kill': [ '1.2.2' ],
111 silly audit   'ts-api-utils': [ '2.0.1' ],
111 silly audit   tslib: [ '2.8.1' ],
111 silly audit   'type-check': [ '0.4.0' ],
111 silly audit   'typed-array-buffer': [ '1.0.3' ],
111 silly audit   'typed-array-byte-length': [ '1.0.3' ],
111 silly audit   'typed-array-byte-offset': [ '1.0.4' ],
111 silly audit   'typed-array-length': [ '1.0.7' ],
111 silly audit   typescript: [ '5.8.2' ],
111 silly audit   'typescript-eslint': [ '8.26.0' ],
111 silly audit   'unbox-primitive': [ '1.1.0' ],
111 silly audit   'undici-types': [ '6.20.0' ],
111 silly audit   'update-browserslist-db': [ '1.1.3' ],
111 silly audit   'uri-js': [ '4.4.1' ],
111 silly audit   'use-callback-ref': [ '1.3.3' ],
111 silly audit   'use-sidecar': [ '1.1.3' ],
111 silly audit   vite: [ '6.2.0' ],
111 silly audit   'vite-plugin-full-reload': [ '1.2.0' ],
111 silly audit   which: [ '2.0.2' ],
111 silly audit   'which-boxed-primitive': [ '1.1.1' ],
111 silly audit   'which-builtin-type': [ '1.2.1' ],
111 silly audit   'which-collection': [ '1.0.2' ],
111 silly audit   'which-typed-array': [ '1.1.18' ],
111 silly audit   'word-wrap': [ '1.2.5' ],
111 silly audit   'wrap-ansi': [ '7.0.0' ],
111 silly audit   y18n: [ '5.0.8' ],
111 silly audit   yallist: [ '3.1.1' ],
111 silly audit   yargs: [ '17.7.2' ],
111 silly audit   'yargs-parser': [ '21.1.1' ],
111 silly audit   'yocto-queue': [ '0.1.0' ],
111 silly audit   'framer-motion': [ '12.23.6' ],
111 silly audit   'motion-dom': [ '12.23.6' ],
111 silly audit   'motion-utils': [ '12.23.6' ]
111 silly audit }
112 http cache @radix-ui/react-use-size@https://registry.npmjs.org/@radix-ui/react-use-size/-/react-use-size-1.1.0.tgz 0ms (cache hit)
113 http cache @radix-ui/react-toggle-group@https://registry.npmjs.org/@radix-ui/react-toggle-group/-/react-toggle-group-1.1.2.tgz 0ms (cache hit)
114 http cache @radix-ui/react-toggle@https://registry.npmjs.org/@radix-ui/react-toggle/-/react-toggle-1.1.2.tgz 0ms (cache hit)
115 http cache @radix-ui/react-separator@https://registry.npmjs.org/@radix-ui/react-separator/-/react-separator-1.1.2.tgz 0ms (cache hit)
116 http cache @radix-ui/react-roving-focus@https://registry.npmjs.org/@radix-ui/react-roving-focus/-/react-roving-focus-1.1.2.tgz 0ms (cache hit)
117 http cache @radix-ui/react-portal@https://registry.npmjs.org/@radix-ui/react-portal/-/react-portal-1.1.4.tgz 0ms (cache hit)
118 http cache @radix-ui/react-popper@https://registry.npmjs.org/@radix-ui/react-popper/-/react-popper-1.2.2.tgz 0ms (cache hit)
119 http cache @radix-ui/react-focus-scope@https://registry.npmjs.org/@radix-ui/react-focus-scope/-/react-focus-scope-1.1.2.tgz 0ms (cache hit)
120 http cache @radix-ui/react-dropdown-menu@https://registry.npmjs.org/@radix-ui/react-dropdown-menu/-/react-dropdown-menu-2.1.6.tgz 0ms (cache hit)
121 http cache @radix-ui/react-checkbox@https://registry.npmjs.org/@radix-ui/react-checkbox/-/react-checkbox-1.1.4.tgz 0ms (cache hit)
122 http cache @radix-ui/react-avatar@https://registry.npmjs.org/@radix-ui/react-avatar/-/react-avatar-1.1.3.tgz 0ms (cache hit)
123 http cache @radix-ui/react-arrow@https://registry.npmjs.org/@radix-ui/react-arrow/-/react-arrow-1.1.2.tgz 0ms (cache hit)
124 http cache motion-utils@https://registry.npmjs.org/motion-utils/-/motion-utils-12.23.6.tgz 0ms (cache hit)
125 http cache motion-dom@https://registry.npmjs.org/motion-dom/-/motion-dom-12.23.6.tgz 0ms (cache hit)
126 http cache framer-motion@https://registry.npmjs.org/framer-motion/-/framer-motion-12.23.6.tgz 0ms (cache hit)
127 http cache @radix-ui/rect@https://registry.npmjs.org/@radix-ui/rect/-/rect-1.1.0.tgz 0ms (cache hit)
128 http cache @radix-ui/react-tooltip@https://registry.npmjs.org/@radix-ui/react-tooltip/-/react-tooltip-1.1.8.tgz 0ms (cache hit)
129 http cache @radix-ui/react-use-rect@https://registry.npmjs.org/@radix-ui/react-use-rect/-/react-use-rect-1.1.0.tgz 0ms (cache hit)
130 http cache @radix-ui/react-select@https://registry.npmjs.org/@radix-ui/react-select/-/react-select-2.1.6.tgz 0ms (cache hit)
131 http cache @radix-ui/react-menu@https://registry.npmjs.org/@radix-ui/react-menu/-/react-menu-2.1.6.tgz 0ms (cache hit)
132 http cache @radix-ui/react-focus-guards@https://registry.npmjs.org/@radix-ui/react-focus-guards/-/react-focus-guards-1.1.1.tgz 0ms (cache hit)
133 http cache @radix-ui/react-dialog@https://registry.npmjs.org/@radix-ui/react-dialog/-/react-dialog-1.1.6.tgz 0ms (cache hit)
134 http cache @radix-ui/react-slot@https://registry.npmjs.org/@radix-ui/react-slot/-/react-slot-1.1.2.tgz 0ms (cache hit)
135 http cache @radix-ui/react-slot@https://registry.npmjs.org/@radix-ui/react-slot/-/react-slot-1.1.2.tgz 0ms (cache hit)
136 silly tarball no local data for motion-utils@https://registry.npmjs.org/motion-utils/-/motion-utils-12.23.6.tgz. Extracting by manifest.
137 silly tarball no local data for motion-dom@https://registry.npmjs.org/motion-dom/-/motion-dom-12.23.6.tgz. Extracting by manifest.
138 http cache @radix-ui/number@https://registry.npmjs.org/@radix-ui/number/-/number-1.1.0.tgz 0ms (cache hit)
139 silly tarball no local data for framer-motion@https://registry.npmjs.org/framer-motion/-/framer-motion-12.23.6.tgz. Extracting by manifest.
140 http cache @radix-ui/react-slot@https://registry.npmjs.org/@radix-ui/react-slot/-/react-slot-1.1.2.tgz 0ms (cache hit)
141 http cache @radix-ui/react-slot@https://registry.npmjs.org/@radix-ui/react-slot/-/react-slot-1.1.2.tgz 0ms (cache hit)
142 http fetch GET 200 https://registry.npmjs.org/motion-utils/-/motion-utils-12.23.6.tgz 209ms (cache miss)
143 http fetch POST 200 https://registry.npmjs.org/-/npm/v1/security/advisories/bulk 270ms
144 silly audit report {
144 silly audit report   '@babel/helpers': [
144 silly audit report     {
144 silly audit report       id: 1104001,
144 silly audit report       url: 'https://github.com/advisories/GHSA-968p-4wvh-cqc8',
144 silly audit report       title: 'Babel has inefficient RegExp complexity in generated code with .replace when transpiling named capturing groups',
144 silly audit report       severity: 'moderate',
144 silly audit report       vulnerable_versions: '<7.26.10',
144 silly audit report       cwe: [Array],
144 silly audit report       cvss: [Object]
144 silly audit report     }
144 silly audit report   ],
144 silly audit report   'brace-expansion': [
144 silly audit report     {
144 silly audit report       id: 1105443,
144 silly audit report       url: 'https://github.com/advisories/GHSA-v6h2-p8h4-qcjw',
144 silly audit report       title: 'brace-expansion Regular Expression Denial of Service vulnerability',
144 silly audit report       severity: 'low',
144 silly audit report       vulnerable_versions: '>=1.0.0 <=1.1.11',
144 silly audit report       cwe: [Array],
144 silly audit report       cvss: [Object]
144 silly audit report     },
144 silly audit report     {
144 silly audit report       id: 1105444,
144 silly audit report       url: 'https://github.com/advisories/GHSA-v6h2-p8h4-qcjw',
144 silly audit report       title: 'brace-expansion Regular Expression Denial of Service vulnerability',
144 silly audit report       severity: 'low',
144 silly audit report       vulnerable_versions: '>=2.0.0 <=2.0.1',
144 silly audit report       cwe: [Array],
144 silly audit report       cvss: [Object]
144 silly audit report     }
144 silly audit report   ],
144 silly audit report   axios: [
144 silly audit report     {
144 silly audit report       id: 1103618,
144 silly audit report       url: 'https://github.com/advisories/GHSA-jr5f-v2jv-69x6',
144 silly audit report       title: 'axios Requests Vulnerable To Possible SSRF and Credential Leakage via Absolute URL',
144 silly audit report       severity: 'high',
144 silly audit report       vulnerable_versions: '>=1.0.0 <1.8.2',
144 silly audit report       cwe: [Array],
144 silly audit report       cvss: [Object]
144 silly audit report     }
144 silly audit report   ],
144 silly audit report   vite: [
144 silly audit report     {
144 silly audit report       id: 1103520,
144 silly audit report       url: 'https://github.com/advisories/GHSA-x574-m823-4x7w',
144 silly audit report       title: 'Vite bypasses server.fs.deny when using ?raw??',
144 silly audit report       severity: 'moderate',
144 silly audit report       vulnerable_versions: '>=6.2.0 <6.2.3',
144 silly audit report       cwe: [Array],
144 silly audit report       cvss: [Object]
144 silly audit report     },
144 silly audit report     {
144 silly audit report       id: 1103631,
144 silly audit report       url: 'https://github.com/advisories/GHSA-4r4m-qw57-chr8',
144 silly audit report       title: 'Vite has a `server.fs.deny` bypassed for `inline` and `raw` with `?import` query',
144 silly audit report       severity: 'moderate',
144 silly audit report       vulnerable_versions: '>=6.2.0 <6.2.4',
144 silly audit report       cwe: [Array],
144 silly audit report       cvss: [Object]
144 silly audit report     },
144 silly audit report     {
144 silly audit report       id: 1103887,
144 silly audit report       url: 'https://github.com/advisories/GHSA-356w-63v5-8wf4',
144 silly audit report       title: 'Vite has an `server.fs.deny` bypass with an invalid `request-target`',
144 silly audit report       severity: 'moderate',
144 silly audit report       vulnerable_versions: '>=6.2.0 <6.2.6',
144 silly audit report       cwe: [Array],
144 silly audit report       cvss: [Object]
144 silly audit report     },
144 silly audit report     {
144 silly audit report       id: 1104175,
144 silly audit report       url: 'https://github.com/advisories/GHSA-859w-5945-r5v3',
144 silly audit report       title: "Vite's server.fs.deny bypassed with /. for files under project root",
144 silly audit report       severity: 'moderate',
144 silly audit report       vulnerable_versions: '>=6.2.0 <=6.2.6',
144 silly audit report       cwe: [Array],
144 silly audit report       cvss: [Object]
144 silly audit report     },
144 silly audit report     {
144 silly audit report       id: 1104205,
144 silly audit report       url: 'https://github.com/advisories/GHSA-xcj6-pq6g-qj4x',
144 silly audit report       title: 'Vite allows server.fs.deny to be bypassed with .svg or relative paths',
144 silly audit report       severity: 'moderate',
144 silly audit report       vulnerable_versions: '>=6.2.0 <6.2.5',
144 silly audit report       cwe: [Array],
144 silly audit report       cvss: [Object]
144 silly audit report     }
144 silly audit report   ]
144 silly audit report }
145 silly packumentCache corgi:https://registry.npmjs.org/@babel%2fhelpers cache-miss
146 silly packumentCache corgi:https://registry.npmjs.org/brace-expansion cache-miss
147 silly packumentCache corgi:https://registry.npmjs.org/axios cache-miss
148 silly packumentCache corgi:https://registry.npmjs.org/vite cache-miss
149 http fetch GET 200 https://registry.npmjs.org/axios 71ms (cache revalidated)
150 silly packumentCache corgi:https://registry.npmjs.org/axios set size:242627 disposed:false
151 http fetch GET 200 https://registry.npmjs.org/@babel%2fhelpers 81ms (cache revalidated)
152 silly packumentCache corgi:https://registry.npmjs.org/@babel%2fhelpers set size:198682 disposed:false
153 http fetch GET 200 https://registry.npmjs.org/brace-expansion 90ms (cache revalidated)
154 silly packumentCache corgi:https://registry.npmjs.org/brace-expansion set size:16192 disposed:false
155 http fetch GET 200 https://registry.npmjs.org/vite 187ms (cache revalidated)
156 silly packumentCache corgi:https://registry.npmjs.org/vite set size:2031907 disposed:false
157 silly packumentCache corgi:https://registry.npmjs.org/@babel%2fcore cache-miss
158 http fetch GET 200 https://registry.npmjs.org/@babel%2fcore 62ms (cache revalidated)
159 silly packumentCache corgi:https://registry.npmjs.org/@babel%2fcore set size:391874 disposed:false
160 silly packumentCache corgi:https://registry.npmjs.org/minimatch cache-miss
161 http fetch GET 200 https://registry.npmjs.org/minimatch 54ms (cache revalidated)
162 silly packumentCache corgi:https://registry.npmjs.org/minimatch set size:143741 disposed:false
163 silly packumentCache corgi:https://registry.npmjs.org/@inertiajs%2fcore cache-miss
164 http fetch GET 200 https://registry.npmjs.org/motion-dom/-/motion-dom-12.23.6.tgz 605ms (cache miss)
165 http fetch GET 200 https://registry.npmjs.org/@inertiajs%2fcore 72ms (cache revalidated)
166 silly packumentCache corgi:https://registry.npmjs.org/@inertiajs%2fcore set size:51443 disposed:false
167 silly packumentCache corgi:https://registry.npmjs.org/@tailwindcss%2fvite cache-miss
168 silly packumentCache corgi:https://registry.npmjs.org/@vitejs%2fplugin-react cache-miss
169 silly packumentCache corgi:https://registry.npmjs.org/laravel-vite-plugin cache-miss
170 http fetch GET 200 https://registry.npmjs.org/laravel-vite-plugin 55ms (cache revalidated)
171 silly packumentCache corgi:https://registry.npmjs.org/laravel-vite-plugin set size:61025 disposed:false
172 http fetch GET 200 https://registry.npmjs.org/@vitejs%2fplugin-react 71ms (cache revalidated)
173 silly packumentCache corgi:https://registry.npmjs.org/@vitejs%2fplugin-react set size:92339 disposed:false
174 http fetch GET 200 https://registry.npmjs.org/@tailwindcss%2fvite 113ms (cache updated)
175 silly packumentCache corgi:https://registry.npmjs.org/@tailwindcss%2fvite set size:undefined disposed:false
176 http fetch GET 200 https://registry.npmjs.org/framer-motion/-/framer-motion-12.23.6.tgz 863ms (cache miss)
177 silly ADD node_modules/motion-utils
178 silly ADD node_modules/motion-dom
179 silly ADD node_modules/framer-motion
180 silly REMOVE node_modules/zod
181 silly REMOVE node_modules/victory-vendor
182 silly REMOVE node_modules/vaul
183 silly REMOVE node_modules/use-sync-external-store
184 silly REMOVE node_modules/tiny-invariant
185 silly REMOVE node_modules/sonner
186 silly REMOVE node_modules/recharts-scale
187 silly REMOVE node_modules/recharts
188 silly REMOVE node_modules/recharts/node_modules/react-is
189 silly REMOVE node_modules/react-transition-group
190 silly REMOVE node_modules/react-smooth
191 silly REMOVE node_modules/next-themes
192 silly REMOVE node_modules/internmap
193 silly REMOVE node_modules/fast-equals
194 silly REMOVE node_modules/eventemitter3
195 silly REMOVE node_modules/dom-helpers
196 silly REMOVE node_modules/decimal.js-light
197 silly REMOVE node_modules/d3-timer
198 silly REMOVE node_modules/d3-time-format
199 silly REMOVE node_modules/d3-time
200 silly REMOVE node_modules/d3-shape
201 silly REMOVE node_modules/d3-scale
202 silly REMOVE node_modules/d3-path
203 silly REMOVE node_modules/d3-interpolate
204 silly REMOVE node_modules/d3-format
205 silly REMOVE node_modules/d3-ease
206 silly REMOVE node_modules/d3-color
207 silly REMOVE node_modules/d3-array
208 silly REMOVE node_modules/@types/d3-timer
209 silly REMOVE node_modules/@types/d3-time
210 silly REMOVE node_modules/@types/d3-shape
211 silly REMOVE node_modules/@types/d3-scale
212 silly REMOVE node_modules/@types/d3-path
213 silly REMOVE node_modules/@types/d3-interpolate
214 silly REMOVE node_modules/@types/d3-ease
215 silly REMOVE node_modules/@types/d3-color
216 silly REMOVE node_modules/@types/d3-array
217 silly REMOVE node_modules/@tanstack/table-core
218 silly REMOVE node_modules/@tanstack/react-table
219 silly REMOVE node_modules/@tabler/icons-react
220 silly REMOVE node_modules/@tabler/icons
221 silly CHANGE node_modules/@radix-ui/rect
222 silly CHANGE node_modules/@radix-ui/react-use-size
223 silly REMOVE node_modules/@radix-ui/react-use-size/node_modules/@radix-ui/react-use-layout-effect
224 silly CHANGE node_modules/@radix-ui/react-use-rect
225 silly REMOVE node_modules/@radix-ui/react-use-is-hydrated
226 silly REMOVE node_modules/@radix-ui/react-use-effect-event
227 silly REMOVE node_modules/@radix-ui/react-use-effect-event/node_modules/@radix-ui/react-use-layout-effect
228 silly CHANGE node_modules/@radix-ui/react-tooltip
229 silly ADD node_modules/@radix-ui/react-tooltip/node_modules/@radix-ui/react-slot
230 silly REMOVE node_modules/@radix-ui/react-tooltip/node_modules/@radix-ui/react-visually-hidden
231 silly REMOVE node_modules/@radix-ui/react-tooltip/node_modules/@radix-ui/react-use-layout-effect
232 silly REMOVE node_modules/@radix-ui/react-tooltip/node_modules/@radix-ui/react-use-escape-keydown
233 silly REMOVE node_modules/@radix-ui/react-tooltip/node_modules/@radix-ui/react-use-controllable-state
234 silly REMOVE node_modules/@radix-ui/react-tooltip/node_modules/@radix-ui/react-use-callback-ref
235 silly REMOVE node_modules/@radix-ui/react-tooltip/node_modules/@radix-ui/react-primitive
236 silly REMOVE node_modules/@radix-ui/react-tooltip/node_modules/@radix-ui/react-presence
237 silly REMOVE node_modules/@radix-ui/react-tooltip/node_modules/@radix-ui/react-id
238 silly REMOVE node_modules/@radix-ui/react-tooltip/node_modules/@radix-ui/react-dismissable-layer
239 silly REMOVE node_modules/@radix-ui/react-tooltip/node_modules/@radix-ui/react-context
240 silly REMOVE node_modules/@radix-ui/react-tooltip/node_modules/@radix-ui/react-compose-refs
241 silly REMOVE node_modules/@radix-ui/react-tooltip/node_modules/@radix-ui/primitive
242 silly CHANGE node_modules/@radix-ui/react-toggle-group
243 silly REMOVE node_modules/@radix-ui/react-toggle-group/node_modules/@radix-ui/react-use-layout-effect
244 silly REMOVE node_modules/@radix-ui/react-toggle-group/node_modules/@radix-ui/react-use-controllable-state
245 silly REMOVE node_modules/@radix-ui/react-toggle-group/node_modules/@radix-ui/react-primitive
246 silly REMOVE node_modules/@radix-ui/react-toggle-group/node_modules/@radix-ui/react-direction
247 silly REMOVE node_modules/@radix-ui/react-toggle-group/node_modules/@radix-ui/react-context
248 silly REMOVE node_modules/@radix-ui/react-toggle-group/node_modules/@radix-ui/primitive
249 silly CHANGE node_modules/@radix-ui/react-toggle
250 silly REMOVE node_modules/@radix-ui/react-toggle/node_modules/@radix-ui/react-use-layout-effect
251 silly REMOVE node_modules/@radix-ui/react-toggle/node_modules/@radix-ui/react-use-controllable-state
252 silly REMOVE node_modules/@radix-ui/react-toggle/node_modules/@radix-ui/react-primitive
253 silly REMOVE node_modules/@radix-ui/react-toggle/node_modules/@radix-ui/primitive
254 silly REMOVE node_modules/@radix-ui/react-tabs
255 silly REMOVE node_modules/@radix-ui/react-tabs/node_modules/@radix-ui/react-use-layout-effect
256 silly REMOVE node_modules/@radix-ui/react-tabs/node_modules/@radix-ui/react-use-controllable-state
257 silly REMOVE node_modules/@radix-ui/react-tabs/node_modules/@radix-ui/react-primitive
258 silly REMOVE node_modules/@radix-ui/react-tabs/node_modules/@radix-ui/react-presence
259 silly REMOVE node_modules/@radix-ui/react-tabs/node_modules/@radix-ui/react-id
260 silly REMOVE node_modules/@radix-ui/react-tabs/node_modules/@radix-ui/react-direction
261 silly REMOVE node_modules/@radix-ui/react-tabs/node_modules/@radix-ui/react-context
262 silly REMOVE node_modules/@radix-ui/react-tabs/node_modules/@radix-ui/react-compose-refs
263 silly REMOVE node_modules/@radix-ui/react-tabs/node_modules/@radix-ui/primitive
264 silly CHANGE node_modules/@radix-ui/react-separator
265 silly REMOVE node_modules/@radix-ui/react-separator/node_modules/@radix-ui/react-primitive
266 silly CHANGE node_modules/@radix-ui/react-select
267 silly ADD node_modules/@radix-ui/react-select/node_modules/@radix-ui/react-slot
268 silly REMOVE node_modules/@radix-ui/react-select/node_modules/@radix-ui/react-visually-hidden
269 silly REMOVE node_modules/@radix-ui/react-select/node_modules/@radix-ui/react-use-previous
270 silly REMOVE node_modules/@radix-ui/react-select/node_modules/@radix-ui/react-use-layout-effect
271 silly REMOVE node_modules/@radix-ui/react-select/node_modules/@radix-ui/react-use-escape-keydown
272 silly REMOVE node_modules/@radix-ui/react-select/node_modules/@radix-ui/react-use-controllable-state
273 silly REMOVE node_modules/@radix-ui/react-select/node_modules/@radix-ui/react-use-callback-ref
274 silly REMOVE node_modules/@radix-ui/react-select/node_modules/@radix-ui/react-primitive
275 silly REMOVE node_modules/@radix-ui/react-select/node_modules/@radix-ui/react-id
276 silly REMOVE node_modules/@radix-ui/react-select/node_modules/@radix-ui/react-dismissable-layer
277 silly REMOVE node_modules/@radix-ui/react-select/node_modules/@radix-ui/react-direction
278 silly REMOVE node_modules/@radix-ui/react-select/node_modules/@radix-ui/react-context
279 silly REMOVE node_modules/@radix-ui/react-select/node_modules/@radix-ui/react-compose-refs
280 silly REMOVE node_modules/@radix-ui/react-select/node_modules/@radix-ui/react-collection
281 silly REMOVE node_modules/@radix-ui/react-select/node_modules/@radix-ui/primitive
282 silly CHANGE node_modules/@radix-ui/react-roving-focus
283 silly REMOVE node_modules/@radix-ui/react-roving-focus/node_modules/@radix-ui/react-use-layout-effect
284 silly REMOVE node_modules/@radix-ui/react-roving-focus/node_modules/@radix-ui/react-use-controllable-state
285 silly REMOVE node_modules/@radix-ui/react-roving-focus/node_modules/@radix-ui/react-use-callback-ref
286 silly REMOVE node_modules/@radix-ui/react-roving-focus/node_modules/@radix-ui/react-primitive
287 silly REMOVE node_modules/@radix-ui/react-roving-focus/node_modules/@radix-ui/react-id
288 silly REMOVE node_modules/@radix-ui/react-roving-focus/node_modules/@radix-ui/react-direction
289 silly REMOVE node_modules/@radix-ui/react-roving-focus/node_modules/@radix-ui/react-context
290 silly REMOVE node_modules/@radix-ui/react-roving-focus/node_modules/@radix-ui/react-compose-refs
291 silly REMOVE node_modules/@radix-ui/react-roving-focus/node_modules/@radix-ui/react-collection
292 silly REMOVE node_modules/@radix-ui/react-roving-focus/node_modules/@radix-ui/primitive
293 silly CHANGE node_modules/@radix-ui/react-portal
294 silly REMOVE node_modules/@radix-ui/react-portal/node_modules/@radix-ui/react-use-layout-effect
295 silly REMOVE node_modules/@radix-ui/react-portal/node_modules/@radix-ui/react-primitive
296 silly CHANGE node_modules/@radix-ui/react-popper
297 silly REMOVE node_modules/@radix-ui/react-popper/node_modules/@radix-ui/react-use-layout-effect
298 silly REMOVE node_modules/@radix-ui/react-popper/node_modules/@radix-ui/react-use-callback-ref
299 silly REMOVE node_modules/@radix-ui/react-popper/node_modules/@radix-ui/react-primitive
300 silly REMOVE node_modules/@radix-ui/react-popper/node_modules/@radix-ui/react-context
301 silly REMOVE node_modules/@radix-ui/react-popper/node_modules/@radix-ui/react-compose-refs
302 silly CHANGE node_modules/@radix-ui/react-menu
303 silly ADD node_modules/@radix-ui/react-menu/node_modules/@radix-ui/react-slot
304 silly REMOVE node_modules/@radix-ui/react-menu/node_modules/@radix-ui/react-use-layout-effect
305 silly REMOVE node_modules/@radix-ui/react-menu/node_modules/@radix-ui/react-use-escape-keydown
306 silly REMOVE node_modules/@radix-ui/react-menu/node_modules/@radix-ui/react-use-callback-ref
307 silly REMOVE node_modules/@radix-ui/react-menu/node_modules/@radix-ui/react-primitive
308 silly REMOVE node_modules/@radix-ui/react-menu/node_modules/@radix-ui/react-presence
309 silly REMOVE node_modules/@radix-ui/react-menu/node_modules/@radix-ui/react-id
310 silly REMOVE node_modules/@radix-ui/react-menu/node_modules/@radix-ui/react-dismissable-layer
311 silly REMOVE node_modules/@radix-ui/react-menu/node_modules/@radix-ui/react-direction
312 silly REMOVE node_modules/@radix-ui/react-menu/node_modules/@radix-ui/react-context
313 silly REMOVE node_modules/@radix-ui/react-menu/node_modules/@radix-ui/react-compose-refs
314 silly REMOVE node_modules/@radix-ui/react-menu/node_modules/@radix-ui/react-collection
315 silly REMOVE node_modules/@radix-ui/react-menu/node_modules/@radix-ui/primitive
316 silly CHANGE node_modules/@radix-ui/react-focus-scope
317 silly REMOVE node_modules/@radix-ui/react-focus-scope/node_modules/@radix-ui/react-use-callback-ref
318 silly REMOVE node_modules/@radix-ui/react-focus-scope/node_modules/@radix-ui/react-primitive
319 silly REMOVE node_modules/@radix-ui/react-focus-scope/node_modules/@radix-ui/react-compose-refs
320 silly CHANGE node_modules/@radix-ui/react-focus-guards
321 silly CHANGE node_modules/@radix-ui/react-dropdown-menu
322 silly REMOVE node_modules/@radix-ui/react-dropdown-menu/node_modules/@radix-ui/react-use-layout-effect
323 silly REMOVE node_modules/@radix-ui/react-dropdown-menu/node_modules/@radix-ui/react-use-controllable-state
324 silly REMOVE node_modules/@radix-ui/react-dropdown-menu/node_modules/@radix-ui/react-primitive
325 silly REMOVE node_modules/@radix-ui/react-dropdown-menu/node_modules/@radix-ui/react-id
326 silly REMOVE node_modules/@radix-ui/react-dropdown-menu/node_modules/@radix-ui/react-context
327 silly REMOVE node_modules/@radix-ui/react-dropdown-menu/node_modules/@radix-ui/react-compose-refs
328 silly REMOVE node_modules/@radix-ui/react-dropdown-menu/node_modules/@radix-ui/primitive
329 silly CHANGE node_modules/@radix-ui/react-dialog
330 silly ADD node_modules/@radix-ui/react-dialog/node_modules/@radix-ui/react-slot
331 silly REMOVE node_modules/@radix-ui/react-dialog/node_modules/@radix-ui/react-use-layout-effect
332 silly REMOVE node_modules/@radix-ui/react-dialog/node_modules/@radix-ui/react-use-escape-keydown
333 silly REMOVE node_modules/@radix-ui/react-dialog/node_modules/@radix-ui/react-use-controllable-state
334 silly REMOVE node_modules/@radix-ui/react-dialog/node_modules/@radix-ui/react-use-callback-ref
335 silly REMOVE node_modules/@radix-ui/react-dialog/node_modules/@radix-ui/react-primitive
336 silly REMOVE node_modules/@radix-ui/react-dialog/node_modules/@radix-ui/react-presence
337 silly REMOVE node_modules/@radix-ui/react-dialog/node_modules/@radix-ui/react-id
338 silly REMOVE node_modules/@radix-ui/react-dialog/node_modules/@radix-ui/react-dismissable-layer
339 silly REMOVE node_modules/@radix-ui/react-dialog/node_modules/@radix-ui/react-context
340 silly REMOVE node_modules/@radix-ui/react-dialog/node_modules/@radix-ui/react-compose-refs
341 silly REMOVE node_modules/@radix-ui/react-dialog/node_modules/@radix-ui/primitive
342 silly CHANGE node_modules/@radix-ui/react-checkbox
343 silly REMOVE node_modules/@radix-ui/react-checkbox/node_modules/@radix-ui/react-use-previous
344 silly REMOVE node_modules/@radix-ui/react-checkbox/node_modules/@radix-ui/react-use-layout-effect
345 silly REMOVE node_modules/@radix-ui/react-checkbox/node_modules/@radix-ui/react-use-controllable-state
346 silly REMOVE node_modules/@radix-ui/react-checkbox/node_modules/@radix-ui/react-primitive
347 silly REMOVE node_modules/@radix-ui/react-checkbox/node_modules/@radix-ui/react-presence
348 silly REMOVE node_modules/@radix-ui/react-checkbox/node_modules/@radix-ui/react-context
349 silly REMOVE node_modules/@radix-ui/react-checkbox/node_modules/@radix-ui/react-compose-refs
350 silly REMOVE node_modules/@radix-ui/react-checkbox/node_modules/@radix-ui/primitive
351 silly CHANGE node_modules/@radix-ui/react-avatar
352 silly REMOVE node_modules/@radix-ui/react-avatar/node_modules/@radix-ui/react-use-layout-effect
353 silly REMOVE node_modules/@radix-ui/react-avatar/node_modules/@radix-ui/react-use-callback-ref
354 silly REMOVE node_modules/@radix-ui/react-avatar/node_modules/@radix-ui/react-primitive
355 silly REMOVE node_modules/@radix-ui/react-avatar/node_modules/@radix-ui/react-context
356 silly CHANGE node_modules/@radix-ui/react-arrow
357 silly REMOVE node_modules/@radix-ui/react-arrow/node_modules/@radix-ui/react-primitive
358 silly CHANGE node_modules/@radix-ui/number
359 silly REMOVE node_modules/@dnd-kit/utilities
360 silly REMOVE node_modules/@dnd-kit/sortable
361 silly REMOVE node_modules/@dnd-kit/modifiers
362 silly REMOVE node_modules/@dnd-kit/core
363 silly REMOVE node_modules/@dnd-kit/accessibility
364 silly REMOVE node_modules/@babel/runtime
365 verbose cwd C:\Belajar\react-laravel
366 verbose os Windows_NT 10.0.26100
367 verbose node v22.17.0
368 verbose npm  v11.4.2
369 verbose exit 0
370 info ok
