0 verbose cli C:\Program Files\nodejs\node.exe C:\Users\bagus ardiansyah\AppData\Roaming\npm\node_modules\npm\bin\npm-cli.js
1 info using npm@11.4.2
2 info using node@v22.17.0
3 silly config load:file:C:\Users\bagus ardiansyah\AppData\Roaming\npm\node_modules\npm\npmrc
4 silly config load:file:C:\Belajar\react-laravel\.npmrc
5 silly config load:file:C:\Users\bagus ardiansyah\.npmrc
6 silly config load:file:C:\Users\bagus ardiansyah\AppData\Roaming\npm\etc\npmrc
7 verbose title npm exec shadcn-ui@latest init
8 verbose argv "exec" "--" "shadcn-ui@latest" "init"
9 verbose logfile logs-max:10 dir:C:\Belajar\react-laravel\npm-cache\_logs\2025-07-15T11_56_16_575Z-
10 verbose logfile C:\Belajar\react-laravel\npm-cache\_logs\2025-07-15T11_56_16_575Z-debug-0.log
11 silly logfile done cleaning log files
12 silly packumentCache heap:2197815296 maxSize:549453824 maxEntrySize:274726912
13 verbose shrinkwrap failed to load node_modules/.package-lock.json out of date, updated: node_modules
14 http fetch GET 200 https://registry.npmjs.org/shadcn-ui 508ms (cache miss)
15 silly packumentCache heap:2197815296 maxSize:549453824 maxEntrySize:274726912
16 silly packumentCache heap:2197815296 maxSize:549453824 maxEntrySize:274726912
17 silly idealTree buildDeps
18 silly fetch manifest shadcn-ui@0.9.5
19 silly packumentCache full:https://registry.npmjs.org/shadcn-ui cache-miss
20 http fetch GET 200 https://registry.npmjs.org/shadcn-ui 738ms (cache miss)
21 silly packumentCache full:https://registry.npmjs.org/shadcn-ui set size:undefined disposed:false
22 silly placeDep ROOT shadcn-ui@0.9.5 OK for:  want: 0.9.5
23 silly fetch manifest chalk@^5.4.1
24 silly packumentCache full:https://registry.npmjs.org/chalk cache-miss
25 http fetch GET 200 https://registry.npmjs.org/chalk 50ms (cache miss)
26 silly packumentCache full:https://registry.npmjs.org/chalk set size:undefined disposed:false
27 silly placeDep ROOT chalk@5.4.1 OK for: shadcn-ui@0.9.5 want: ^5.4.1
28 silly reify moves {}
29 silly audit bulk request { 'shadcn-ui': [ '0.9.5' ], chalk: [ '5.4.1' ] }
30 http cache chalk@https://registry.npmjs.org/chalk/-/chalk-5.4.1.tgz 0ms (cache hit)
31 http cache shadcn-ui@https://registry.npmjs.org/shadcn-ui/-/shadcn-ui-0.9.5.tgz 0ms (cache hit)
32 silly tarball no local data for chalk@https://registry.npmjs.org/chalk/-/chalk-5.4.1.tgz. Extracting by manifest.
33 silly tarball no local data for shadcn-ui@https://registry.npmjs.org/shadcn-ui/-/shadcn-ui-0.9.5.tgz. Extracting by manifest.
34 http fetch GET 200 https://registry.npmjs.org/shadcn-ui/-/shadcn-ui-0.9.5.tgz 165ms (cache miss)
35 http fetch GET 200 https://registry.npmjs.org/chalk/-/chalk-5.4.1.tgz 174ms (cache miss)
36 http fetch POST 200 https://registry.npmjs.org/-/npm/v1/security/advisories/bulk 288ms
37 silly audit report {}
38 verbose cwd C:\Belajar\react-laravel
39 verbose os Windows_NT 10.0.26100
40 verbose node v22.17.0
41 verbose npm  v11.4.2
42 verbose exit 0
43 info ok
